getHeight(0, 0, 0)
	polynome is (-2.11709e+11,0) (0,0) (5.64793e+18,0) (0,0) (-3.76687e+25,0) (0,0) (7.44385e+31,0) 
	all roots: (0.000237121,0) (-0.000237121,0) (0.000474242,5.57204e-13) (-0.000474242,-3.99261e-22) (0.000474242,-5.57204e-13) (-0.000474242,3.99261e-22) 
	selected roots: 0.000237121 0.000474242 0.000474242 

getHeight(0, 0, 0)
	polynome is (-2.11709e+11,0) (0,0) (5.64793e+18,0) (0,0) (-3.76687e+25,0) (0,0) (7.44385e+31,0) 
	all roots: (0.000237121,0) (-0.000237121,0) (0.000474242,5.57204e-13) (-0.000474242,-3.99261e-22) (0.000474242,-5.57204e-13) (-0.000474242,3.99261e-22) 
	selected roots: 0.000237121 0.000474242 0.000474242 

getHeight(0, 0, 0)
	polynome is (-2.11709e+11,0) (0,0) (5.64793e+18,0) (0,0) (-3.76687e+25,0) (0,0) (7.44385e+31,0) 
	all roots: (0.000237121,0) (-0.000237121,0) (0.000474242,5.57204e-13) (-0.000474242,-3.99261e-22) (0.000474242,-5.57204e-13) (-0.000474242,3.99261e-22) 
	selected roots: 0.000237121 0.000474242 0.000474242 

getHeight(0, 0, 0)
	polynome is (-2.11709e+11,0) (0,0) (5.64793e+18,0) (0,0) (-3.76687e+25,0) (0,0) (7.44385e+31,0) 
	all roots: (0.000237121,0) (-0.000237121,0) (0.000474242,5.57204e-13) (-0.000474242,-3.99261e-22) (0.000474242,-5.57204e-13) (-0.000474242,3.99261e-22) 
	selected roots: 0.000237121 0.000474242 0.000474242 

getHeight(0, 0, 0)
	polynome is (-2.11709e+11,0) (0,0) (5.64793e+18,0) (0,0) (-3.76687e+25,0) (0,0) (7.44385e+31,0) 
	all roots: (0.000237121,0) (-0.000237121,0) (0.000474242,5.57204e-13) (-0.000474242,-3.99261e-22) (0.000474242,-5.57204e-13) (-0.000474242,3.99261e-22) 
	selected roots: 0.000237121 0.000474242 0.000474242 

getHeight(0, 0, 0)
	polynome is (-2.11709e+11,0) (0,0) (5.64793e+18,0) (0,0) (-3.76687e+25,0) (0,0) (7.44385e+31,0) 
	all roots: (0.000237121,0) (-0.000237121,0) (0.000474242,5.57204e-13) (-0.000474242,-3.99261e-22) (0.000474242,-5.57204e-13) (-0.000474242,3.99261e-22) 
	selected roots: 0.000237121 0.000474242 0.000474242 

getHeight(0, 0, 0)
	polynome is (-2.11709e+11,0) (0,0) (5.64793e+18,0) (0,0) (-3.76687e+25,0) (0,0) (7.44385e+31,0) 
	all roots: (0.000237121,0) (-0.000237121,0) (0.000474242,5.57204e-13) (-0.000474242,-3.99261e-22) (0.000474242,-5.57204e-13) (-0.000474242,3.99261e-22) 
	selected roots: 0.000237121 0.000474242 0.000474242 

getHeight(0, 0, 0)
	polynome is (-2.11709e+11,0) (0,0) (5.64793e+18,0) (0,0) (-3.76687e+25,0) (0,0) (7.44385e+31,0) 
	all roots: (0.000237121,0) (-0.000237121,0) (0.000474242,5.57204e-13) (-0.000474242,-3.99261e-22) (0.000474242,-5.57204e-13) (-0.000474242,3.99261e-22) 
	selected roots: 0.000237121 0.000474242 0.000474242 

getHeight(0, 0, 0)
	polynome is (-2.11709e+11,0) (0,0) (5.64793e+18,0) (0,0) (-3.76687e+25,0) (0,0) (7.44385e+31,0) 
	all roots: (0.000237121,0) (-0.000237121,0) (0.000474242,5.57204e-13) (-0.000474242,-3.99261e-22) (0.000474242,-5.57204e-13) (-0.000474242,3.99261e-22) 
	selected roots: 0.000237121 0.000474242 0.000474242 

getHeight(0, 0, 0)
	polynome is (-2.11709e+11,0) (0,0) (5.64793e+18,0) (0,0) (-3.76687e+25,0) (0,0) (7.44385e+31,0) 
	all roots: (0.000237121,0) (-0.000237121,0) (0.000474242,5.57204e-13) (-0.000474242,-3.99261e-22) (0.000474242,-5.57204e-13) (-0.000474242,3.99261e-22) 
	selected roots: 0.000237121 0.000474242 0.000474242 

getHeight(0, 0, 0)
	polynome is (-2.11709e+11,0) (0,0) (5.64793e+18,0) (0,0) (-3.76687e+25,0) (0,0) (7.44385e+31,0) 
	all roots: (0.000237121,0) (-0.000237121,0) (0.000474242,5.57204e-13) (-0.000474242,-3.99261e-22) (0.000474242,-5.57204e-13) (-0.000474242,3.99261e-22) 
	selected roots: 0.000237121 0.000474242 0.000474242 

getHeight(0, 0, 0)
	polynome is (-2.11709e+11,0) (0,0) (5.64793e+18,0) (0,0) (-3.76687e+25,0) (0,0) (7.44385e+31,0) 
	all roots: (0.000237121,0) (-0.000237121,0) (0.000474242,5.57204e-13) (-0.000474242,-3.99261e-22) (0.000474242,-5.57204e-13) (-0.000474242,3.99261e-22) 
	selected roots: 0.000237121 0.000474242 0.000474242 

getHeight(0, 0, 1)
	polynome is (-2.11709e+11,0) (0,0) (5.64793e+18,0) (0,0) (-3.76687e+25,0) (0,0) (7.44385e+31,0) 
	all roots: (0.000237121,0) (-0.000237121,0) (0.000474242,5.57204e-13) (-0.000474242,-3.99261e-22) (0.000474242,-5.57204e-13) (-0.000474242,3.99261e-22) 
	selected roots: 0.000237121 0.000474242 0.000474242 

getHeight(0, 0, 1)
	polynome is (-2.11709e+11,0) (0,0) (5.64793e+18,0) (0,0) (-3.76687e+25,0) (0,0) (7.44385e+31,0) 
	all roots: (0.000237121,0) (-0.000237121,0) (0.000474242,5.57204e-13) (-0.000474242,-3.99261e-22) (0.000474242,-5.57204e-13) (-0.000474242,3.99261e-22) 
	selected roots: 0.000237121 0.000474242 0.000474242 

getHeight(0, 0, 1)
	polynome is (-2.11709e+11,0) (0,0) (5.64793e+18,0) (0,0) (-3.76687e+25,0) (0,0) (7.44385e+31,0) 
	all roots: (0.000237121,0) (-0.000237121,0) (0.000474242,5.57204e-13) (-0.000474242,-3.99261e-22) (0.000474242,-5.57204e-13) (-0.000474242,3.99261e-22) 
	selected roots: 0.000237121 0.000474242 0.000474242 

getHeight(0, 0, 1)
	polynome is (-2.11709e+11,0) (0,0) (5.64793e+18,0) (0,0) (-3.76687e+25,0) (0,0) (7.44385e+31,0) 
	all roots: (0.000237121,0) (-0.000237121,0) (0.000474242,5.57204e-13) (-0.000474242,-3.99261e-22) (0.000474242,-5.57204e-13) (-0.000474242,3.99261e-22) 
	selected roots: 0.000237121 0.000474242 0.000474242 

getHeight(0, 0, 1)
	polynome is (-2.11709e+11,0) (0,0) (5.64793e+18,0) (0,0) (-3.76687e+25,0) (0,0) (7.44385e+31,0) 
	all roots: (0.000237121,0) (-0.000237121,0) (0.000474242,5.57204e-13) (-0.000474242,-3.99261e-22) (0.000474242,-5.57204e-13) (-0.000474242,3.99261e-22) 
	selected roots: 0.000237121 0.000474242 0.000474242 

getHeight(0, 0, 1)
	polynome is (-2.11709e+11,0) (0,0) (5.64793e+18,0) (0,0) (-3.76687e+25,0) (0,0) (7.44385e+31,0) 
	all roots: (0.000237121,0) (-0.000237121,0) (0.000474242,5.57204e-13) (-0.000474242,-3.99261e-22) (0.000474242,-5.57204e-13) (-0.000474242,3.99261e-22) 
	selected roots: 0.000237121 0.000474242 0.000474242 

getHeight(0, 0, 1)
	polynome is (-2.11709e+11,0) (0,0) (5.64793e+18,0) (0,0) (-3.76687e+25,0) (0,0) (7.44385e+31,0) 
	all roots: (0.000237121,0) (-0.000237121,0) (0.000474242,5.57204e-13) (-0.000474242,-3.99261e-22) (0.000474242,-5.57204e-13) (-0.000474242,3.99261e-22) 
	selected roots: 0.000237121 0.000474242 0.000474242 

getHeight(0, 0, 1)
	polynome is (-2.11709e+11,0) (0,0) (5.64793e+18,0) (0,0) (-3.76687e+25,0) (0,0) (7.44385e+31,0) 
	all roots: (0.000237121,0) (-0.000237121,0) (0.000474242,5.57204e-13) (-0.000474242,-3.99261e-22) (0.000474242,-5.57204e-13) (-0.000474242,3.99261e-22) 
	selected roots: 0.000237121 0.000474242 0.000474242 

getHeight(0, 0, 1)
	polynome is (-2.11709e+11,0) (0,0) (5.64793e+18,0) (0,0) (-3.76687e+25,0) (0,0) (7.44385e+31,0) 
	all roots: (0.000237121,0) (-0.000237121,0) (0.000474242,5.57204e-13) (-0.000474242,-3.99261e-22) (0.000474242,-5.57204e-13) (-0.000474242,3.99261e-22) 
	selected roots: 0.000237121 0.000474242 0.000474242 

getHeight(0, 0, 1)
	polynome is (-2.11709e+11,0) (0,0) (5.64793e+18,0) (0,0) (-3.76687e+25,0) (0,0) (7.44385e+31,0) 
	all roots: (0.000237121,0) (-0.000237121,0) (0.000474242,5.57204e-13) (-0.000474242,-3.99261e-22) (0.000474242,-5.57204e-13) (-0.000474242,3.99261e-22) 
	selected roots: 0.000237121 0.000474242 0.000474242 

getHeight(0, 0, 1)
	polynome is (-2.11709e+11,0) (0,0) (5.64793e+18,0) (0,0) (-3.76687e+25,0) (0,0) (7.44385e+31,0) 
	all roots: (0.000237121,0) (-0.000237121,0) (0.000474242,5.57204e-13) (-0.000474242,-3.99261e-22) (0.000474242,-5.57204e-13) (-0.000474242,3.99261e-22) 
	selected roots: 0.000237121 0.000474242 0.000474242 

getHeight(0, 0, 1)
	polynome is (-2.11709e+11,0) (0,0) (5.64793e+18,0) (0,0) (-3.76687e+25,0) (0,0) (7.44385e+31,0) 
	all roots: (0.000237121,0) (-0.000237121,0) (0.000474242,5.57204e-13) (-0.000474242,-3.99261e-22) (0.000474242,-5.57204e-13) (-0.000474242,3.99261e-22) 
	selected roots: 0.000237121 0.000474242 0.000474242 

getHeight(0, 0, 1)
	polynome is (-2.11709e+11,0) (0,0) (5.64793e+18,0) (0,0) (-3.76687e+25,0) (0,0) (7.44385e+31,0) 
	all roots: (0.000237121,0) (-0.000237121,0) (0.000474242,5.57204e-13) (-0.000474242,-3.99261e-22) (0.000474242,-5.57204e-13) (-0.000474242,3.99261e-22) 
	selected roots: 0.000237121 0.000474242 0.000474242 

getHeight(0, 0, 1)
	polynome is (-2.11709e+11,0) (0,0) (5.64793e+18,0) (0,0) (-3.76687e+25,0) (0,0) (7.44385e+31,0) 
	all roots: (0.000237121,0) (-0.000237121,0) (0.000474242,5.57204e-13) (-0.000474242,-3.99261e-22) (0.000474242,-5.57204e-13) (-0.000474242,3.99261e-22) 
	selected roots: 0.000237121 0.000474242 0.000474242 

getHeight(0, 0, 1)
	polynome is (-2.11709e+11,0) (0,0) (5.64793e+18,0) (0,0) (-3.76687e+25,0) (0,0) (7.44385e+31,0) 
	all roots: (0.000237121,0) (-0.000237121,0) (0.000474242,5.57204e-13) (-0.000474242,-3.99261e-22) (0.000474242,-5.57204e-13) (-0.000474242,3.99261e-22) 
	selected roots: 0.000237121 0.000474242 0.000474242 

getHeight(0, 0, 1)
	polynome is (-2.11709e+11,0) (0,0) (5.64793e+18,0) (0,0) (-3.76687e+25,0) (0,0) (7.44385e+31,0) 
	all roots: (0.000237121,0) (-0.000237121,0) (0.000474242,5.57204e-13) (-0.000474242,-3.99261e-22) (0.000474242,-5.57204e-13) (-0.000474242,3.99261e-22) 
	selected roots: 0.000237121 0.000474242 0.000474242 

getHeight(0, 0, 1)
	polynome is (-2.11709e+11,0) (0,0) (5.64793e+18,0) (0,0) (-3.76687e+25,0) (0,0) (7.44385e+31,0) 
	all roots: (0.000237121,0) (-0.000237121,0) (0.000474242,5.57204e-13) (-0.000474242,-3.99261e-22) (0.000474242,-5.57204e-13) (-0.000474242,3.99261e-22) 
	selected roots: 0.000237121 0.000474242 0.000474242 

getHeight(0, 0, 1)
	polynome is (-2.11709e+11,0) (0,0) (5.64793e+18,0) (0,0) (-3.76687e+25,0) (0,0) (7.44385e+31,0) 
	all roots: (0.000237121,0) (-0.000237121,0) (0.000474242,5.57204e-13) (-0.000474242,-3.99261e-22) (0.000474242,-5.57204e-13) (-0.000474242,3.99261e-22) 
	selected roots: 0.000237121 0.000474242 0.000474242 

getHeight(0, 0, 1)
	polynome is (-2.11709e+11,0) (0,0) (5.64793e+18,0) (0,0) (-3.76687e+25,0) (0,0) (7.44385e+31,0) 
	all roots: (0.000237121,0) (-0.000237121,0) (0.000474242,5.57204e-13) (-0.000474242,-3.99261e-22) (0.000474242,-5.57204e-13) (-0.000474242,3.99261e-22) 
	selected roots: 0.000237121 0.000474242 0.000474242 

getHeight(0, 0, 1)
	polynome is (-2.11709e+11,0) (0,0) (5.64793e+18,0) (0,0) (-3.76687e+25,0) (0,0) (7.44385e+31,0) 
	all roots: (0.000237121,0) (-0.000237121,0) (0.000474242,5.57204e-13) (-0.000474242,-3.99261e-22) (0.000474242,-5.57204e-13) (-0.000474242,3.99261e-22) 
	selected roots: 0.000237121 0.000474242 0.000474242 

getHeight(0, 0, 1)
	polynome is (-2.11709e+11,0) (0,0) (5.64793e+18,0) (0,0) (-3.76687e+25,0) (0,0) (7.44385e+31,0) 
	all roots: (0.000237121,0) (-0.000237121,0) (0.000474242,5.57204e-13) (-0.000474242,-3.99261e-22) (0.000474242,-5.57204e-13) (-0.000474242,3.99261e-22) 
	selected roots: 0.000237121 0.000474242 0.000474242 

getHeight(0, 0, 1)
	polynome is (-2.11709e+11,0) (0,0) (5.64793e+18,0) (0,0) (-3.76687e+25,0) (0,0) (7.44385e+31,0) 
	all roots: (0.000237121,0) (-0.000237121,0) (0.000474242,5.57204e-13) (-0.000474242,-3.99261e-22) (0.000474242,-5.57204e-13) (-0.000474242,3.99261e-22) 
	selected roots: 0.000237121 0.000474242 0.000474242 

getHeight(0, 0, 1)
	polynome is (-2.11709e+11,0) (0,0) (5.64793e+18,0) (0,0) (-3.76687e+25,0) (0,0) (7.44385e+31,0) 
	all roots: (0.000237121,0) (-0.000237121,0) (0.000474242,5.57204e-13) (-0.000474242,-3.99261e-22) (0.000474242,-5.57204e-13) (-0.000474242,3.99261e-22) 
	selected roots: 0.000237121 0.000474242 0.000474242 

getHeight(0, 0, 1)
	polynome is (-2.11709e+11,0) (0,0) (5.64793e+18,0) (0,0) (-3.76687e+25,0) (0,0) (7.44385e+31,0) 
	all roots: (0.000237121,0) (-0.000237121,0) (0.000474242,5.57204e-13) (-0.000474242,-3.99261e-22) (0.000474242,-5.57204e-13) (-0.000474242,3.99261e-22) 
	selected roots: 0.000237121 0.000474242 0.000474242 

getHeight(0, 0, 1)
	polynome is (-2.11709e+11,0) (0,0) (5.64793e+18,0) (0,0) (-3.76687e+25,0) (0,0) (7.44385e+31,0) 
	all roots: (0.000237121,0) (-0.000237121,0) (0.000474242,5.57204e-13) (-0.000474242,-3.99261e-22) (0.000474242,-5.57204e-13) (-0.000474242,3.99261e-22) 
	selected roots: 0.000237121 0.000474242 0.000474242 

getHeight(0, 0, 1)
	polynome is (-2.11709e+11,0) (0,0) (5.64793e+18,0) (0,0) (-3.76687e+25,0) (0,0) (7.44385e+31,0) 
	all roots: (0.000237121,0) (-0.000237121,0) (0.000474242,5.57204e-13) (-0.000474242,-3.99261e-22) (0.000474242,-5.57204e-13) (-0.000474242,3.99261e-22) 
	selected roots: 0.000237121 0.000474242 0.000474242 

getHeight(0, 0, 1)
	polynome is (-2.11709e+11,0) (0,0) (5.64793e+18,0) (0,0) (-3.76687e+25,0) (0,0) (7.44385e+31,0) 
	all roots: (0.000237121,0) (-0.000237121,0) (0.000474242,5.57204e-13) (-0.000474242,-3.99261e-22) (0.000474242,-5.57204e-13) (-0.000474242,3.99261e-22) 
	selected roots: 0.000237121 0.000474242 0.000474242 

getHeight(0, 0, 1)
	polynome is (-2.11709e+11,0) (0,0) (5.64793e+18,0) (0,0) (-3.76687e+25,0) (0,0) (7.44385e+31,0) 
	all roots: (0.000237121,0) (-0.000237121,0) (0.000474242,5.57204e-13) (-0.000474242,-3.99261e-22) (0.000474242,-5.57204e-13) (-0.000474242,3.99261e-22) 
	selected roots: 0.000237121 0.000474242 0.000474242 

getHeight(0, 0, 1)
	polynome is (-2.11709e+11,0) (0,0) (5.64793e+18,0) (0,0) (-3.76687e+25,0) (0,0) (7.44385e+31,0) 
	all roots: (0.000237121,0) (-0.000237121,0) (0.000474242,5.57204e-13) (-0.000474242,-3.99261e-22) (0.000474242,-5.57204e-13) (-0.000474242,3.99261e-22) 
	selected roots: 0.000237121 0.000474242 0.000474242 

getHeight(0, 0, 1)
	polynome is (-2.11709e+11,0) (0,0) (5.64793e+18,0) (0,0) (-3.76687e+25,0) (0,0) (7.44385e+31,0) 
	all roots: (0.000237121,0) (-0.000237121,0) (0.000474242,5.57204e-13) (-0.000474242,-3.99261e-22) (0.000474242,-5.57204e-13) (-0.000474242,3.99261e-22) 
	selected roots: 0.000237121 0.000474242 0.000474242 

getHeight(0, 0, 1)
	polynome is (-2.11709e+11,0) (0,0) (5.64793e+18,0) (0,0) (-3.76687e+25,0) (0,0) (7.44385e+31,0) 
	all roots: (0.000237121,0) (-0.000237121,0) (0.000474242,5.57204e-13) (-0.000474242,-3.99261e-22) (0.000474242,-5.57204e-13) (-0.000474242,3.99261e-22) 
	selected roots: 0.000237121 0.000474242 0.000474242 

getHeight(0, 0, 1)
	polynome is (-2.11709e+11,0) (0,0) (5.64793e+18,0) (0,0) (-3.76687e+25,0) (0,0) (7.44385e+31,0) 
	all roots: (0.000237121,0) (-0.000237121,0) (0.000474242,5.57204e-13) (-0.000474242,-3.99261e-22) (0.000474242,-5.57204e-13) (-0.000474242,3.99261e-22) 
	selected roots: 0.000237121 0.000474242 0.000474242 

getHeight(0, 0, 1)
	polynome is (-2.11709e+11,0) (0,0) (5.64793e+18,0) (0,0) (-3.76687e+25,0) (0,0) (7.44385e+31,0) 
	all roots: (0.000237121,0) (-0.000237121,0) (0.000474242,5.57204e-13) (-0.000474242,-3.99261e-22) (0.000474242,-5.57204e-13) (-0.000474242,3.99261e-22) 
	selected roots: 0.000237121 0.000474242 0.000474242 

getHeight(0, 0, 1)
	polynome is (-2.11709e+11,0) (0,0) (5.64793e+18,0) (0,0) (-3.76687e+25,0) (0,0) (7.44385e+31,0) 
	all roots: (0.000237121,0) (-0.000237121,0) (0.000474242,5.57204e-13) (-0.000474242,-3.99261e-22) (0.000474242,-5.57204e-13) (-0.000474242,3.99261e-22) 
	selected roots: 0.000237121 0.000474242 0.000474242 

getHeight(0, 0, 1)
	polynome is (-2.11709e+11,0) (0,0) (5.64793e+18,0) (0,0) (-3.76687e+25,0) (0,0) (7.44385e+31,0) 
	all roots: (0.000237121,0) (-0.000237121,0) (0.000474242,5.57204e-13) (-0.000474242,-3.99261e-22) (0.000474242,-5.57204e-13) (-0.000474242,3.99261e-22) 
	selected roots: 0.000237121 0.000474242 0.000474242 

getHeight(0, 0, 1)
	polynome is (-2.11709e+11,0) (0,0) (5.64793e+18,0) (0,0) (-3.76687e+25,0) (0,0) (7.44385e+31,0) 
	all roots: (0.000237121,0) (-0.000237121,0) (0.000474242,5.57204e-13) (-0.000474242,-3.99261e-22) (0.000474242,-5.57204e-13) (-0.000474242,3.99261e-22) 
	selected roots: 0.000237121 0.000474242 0.000474242 

getHeight(0, 0, 1)
	polynome is (-2.11709e+11,0) (0,0) (5.64793e+18,0) (0,0) (-3.76687e+25,0) (0,0) (7.44385e+31,0) 
	all roots: (0.000237121,0) (-0.000237121,0) (0.000474242,5.57204e-13) (-0.000474242,-3.99261e-22) (0.000474242,-5.57204e-13) (-0.000474242,3.99261e-22) 
	selected roots: 0.000237121 0.000474242 0.000474242 

getHeight(0, 0, 1)
	polynome is (-2.11709e+11,0) (0,0) (5.64793e+18,0) (0,0) (-3.76687e+25,0) (0,0) (7.44385e+31,0) 
	all roots: (0.000237121,0) (-0.000237121,0) (0.000474242,5.57204e-13) (-0.000474242,-3.99261e-22) (0.000474242,-5.57204e-13) (-0.000474242,3.99261e-22) 
	selected roots: 0.000237121 0.000474242 0.000474242 

getHeight(0, 0, 1)
	polynome is (-2.11709e+11,0) (0,0) (5.64793e+18,0) (0,0) (-3.76687e+25,0) (0,0) (7.44385e+31,0) 
	all roots: (0.000237121,0) (-0.000237121,0) (0.000474242,5.57204e-13) (-0.000474242,-3.99261e-22) (0.000474242,-5.57204e-13) (-0.000474242,3.99261e-22) 
	selected roots: 0.000237121 0.000474242 0.000474242 

getHeight(0, 0, 1)
	polynome is (-2.11709e+11,0) (0,0) (5.64793e+18,0) (0,0) (-3.76687e+25,0) (0,0) (7.44385e+31,0) 
	all roots: (0.000237121,0) (-0.000237121,0) (0.000474242,5.57204e-13) (-0.000474242,-3.99261e-22) (0.000474242,-5.57204e-13) (-0.000474242,3.99261e-22) 
	selected roots: 0.000237121 0.000474242 0.000474242 

getHeight(0, 0, 1)
	polynome is (-2.11709e+11,0) (0,0) (5.64793e+18,0) (0,0) (-3.76687e+25,0) (0,0) (7.44385e+31,0) 
	all roots: (0.000237121,0) (-0.000237121,0) (0.000474242,5.57204e-13) (-0.000474242,-3.99261e-22) (0.000474242,-5.57204e-13) (-0.000474242,3.99261e-22) 
	selected roots: 0.000237121 0.000474242 0.000474242 

getHeight(0, 0, 1)
	polynome is (-2.11709e+11,0) (0,0) (5.64793e+18,0) (0,0) (-3.76687e+25,0) (0,0) (7.44385e+31,0) 
	all roots: (0.000237121,0) (-0.000237121,0) (0.000474242,5.57204e-13) (-0.000474242,-3.99261e-22) (0.000474242,-5.57204e-13) (-0.000474242,3.99261e-22) 
	selected roots: 0.000237121 0.000474242 0.000474242 

getHeight(1.6e-05, 0, 1)
	polynome is (-2.10361e+11,0) (0,0) (5.62474e+18,0) (0,0) (-3.75922e+25,0) (0,0) (7.44385e+31,0) 
	all roots: (0.000236835,0) (-0.000236835,0) (0.00047357,0) (-0.00047357,0) (0.000473973,0) (-0.000473973,0) 
	selected roots: 0.000236835 0.00047357 0.000473973 

getHeight(0, 0, 1)
	polynome is (-2.11709e+11,0) (0,0) (5.64793e+18,0) (0,0) (-3.76687e+25,0) (0,0) (7.44385e+31,0) 
	all roots: (0.000237121,0) (-0.000237121,0) (0.000474242,5.57204e-13) (-0.000474242,-3.99261e-22) (0.000474242,-5.57204e-13) (-0.000474242,3.99261e-22) 
	selected roots: 0.000237121 0.000474242 0.000474242 

getHeight(-1.6e-05, 0, 1)
	polynome is (-2.10361e+11,0) (0,0) (5.62474e+18,0) (0,0) (-3.75922e+25,0) (0,0) (7.44385e+31,0) 
	all roots: (0.000236835,0) (-0.000236835,0) (0.00047357,0) (-0.00047357,0) (0.000473973,0) (-0.000473973,0) 
	selected roots: 0.000236835 0.00047357 0.000473973 

getHeight(-2.8e-05, 0, 1)
	polynome is (-2.07599e+11,0) (0,0) (5.57703e+18,0) (0,0) (-3.74343e+25,0) (0,0) (7.44385e+31,0) 
	all roots: (0.000236245,0) (-0.000236245,0) (0.000472179,0) (-0.000472179,0) (0.000473418,0) (-0.000473418,0) 
	selected roots: 0.000236245 0.000472179 0.000473418 

getHeight(-4.4e-05, 0, 1)
	polynome is (-2.0165e+11,0) (0,0) (5.47356e+18,0) (0,0) (-3.70899e+25,0) (0,0) (7.44385e+31,0) 
	all roots: (0.000234951,0) (-0.000234951,0) (0.000469131,0) (-0.000469131,0) (0.000472203,0) (-0.000472203,0) 
	selected roots: 0.000234951 0.000469131 0.000472203 

getHeight(-6.8e-05, 0, 1)
	polynome is (-1.88191e+11,0) (0,0) (5.23545e+18,0) (0,0) (-3.62862e+25,0) (0,0) (7.44385e+31,0) 
	all roots: (0.000231905,0) (-0.000231905,0) (0.000461941,0) (-0.000461941,0) (-0.000469358,0) (0.000469358,0) 
	selected roots: 0.000231905 0.000461941 0.000469358 

getHeight(-8.4e-05, 0, 1)
	polynome is (-1.7651e+11,0) (0,0) (5.02403e+18,0) (0,0) (-3.55591e+25,0) (0,0) (7.44385e+31,0) 
	all roots: (0.000229114,0) (-0.000229114,0) (0.000455337,0) (-0.000455337,0) (0.000466768,0) (-0.000466768,0) 
	selected roots: 0.000229114 0.000455337 0.000466768 

getHeight(-0.000112, 0, 1)
	polynome is (-1.51844e+11,0) (0,0) (4.56096e+18,0) (0,0) (-3.39184e+25,0) (0,0) (7.44385e+31,0) 
	all roots: (0.000222688,0) (-0.000222688,0) (0.000440073,0) (-0.000440073,0) (-0.000460871,0) (0.000460871,0) 
	selected roots: 0.000222688 0.000440073 0.000460871 

getHeight(-0.000124, 0, 1)
	polynome is (-1.40008e+11,0) (0,0) (4.32959e+18,0) (0,0) (-3.30717e+25,0) (0,0) (7.44385e+31,0) 
	all roots: (0.000219298,0) (-0.000219298,0) (0.000431985,0) (-0.000431985,0) (0.000457798,0) (-0.000457798,0) 
	selected roots: 0.000219298 0.000431985 0.000457798 

getHeight(-0.000136, 0, 1)
	polynome is (-1.27651e+11,0) (0,0) (4.08067e+18,0) (0,0) (-3.21389e+25,0) (0,0) (7.44385e+31,0) 
	all roots: (0.000215503,0) (-0.000215503,0) (0.000422895,0) (-0.000422895,0) (0.000454389,0) (-0.000454389,0) 
	selected roots: 0.000215503 0.000422895 0.000454389 

getHeight(-0.000148, 0, 1)
	polynome is (-1.1495e+11,0) (0,0) (3.81594e+18,0) (0,0) (-3.112e+25,0) (0,0) (7.44385e+31,0) 
	all roots: (0.00021128,0) (-0.00021128,0) (0.000412738,0) (-0.000412738,0) (0.000450635,0) (-0.000450635,0) 
	selected roots: 0.00021128 0.000412738 0.000450635 

getHeight(-0.000136, 0, 1)
	polynome is (-1.27651e+11,0) (0,0) (4.08067e+18,0) (0,0) (-3.21389e+25,0) (0,0) (7.44385e+31,0) 
	all roots: (0.000215503,0) (-0.000215503,0) (0.000422895,0) (-0.000422895,0) (0.000454389,0) (-0.000454389,0) 
	selected roots: 0.000215503 0.000422895 0.000454389 

getHeight(-0.000128, 0, 1)
	polynome is (-1.35939e+11,0) (0,0) (4.24848e+18,0) (0,0) (-3.27703e+25,0) (0,0) (7.44385e+31,0) 
	all roots: (0.000218079,0) (-0.000218079,0) (0.000429069,0) (-0.000429069,0) (0.0004567,0) (-0.0004567,0) 
	selected roots: 0.000218079 0.000429069 0.0004567 

getHeight(-0.0001, 0, 1)
	polynome is (-1.62991e+11,0) (0,0) (4.77321e+18,0) (0,0) (-3.4679e+25,0) (0,0) (7.44385e+31,0) 
	all roots: (0.000225689,0) (-0.000225689,0) (0.000447214,0) (-0.000447214,0) (-0.000463614,0) (0.000463614,0) 
	selected roots: 0.000225689 0.000447214 0.000463614 

getHeight(-8.8e-05, 0, 1)
	polynome is (-1.73291e+11,0) (0,0) (4.96492e+18,0) (0,0) (-3.53534e+25,0) (0,0) (7.44385e+31,0) 
	all roots: (0.000228318,0) (-0.000228318,0) (0.000453452,0) (-0.000453452,0) (-0.000466033,0) (0.000466033,0) 
	selected roots: 0.000228318 0.000453452 0.000466033 

getHeight(-7.2e-05, 0, 1)
	polynome is (-1.8546e+11,0) (0,0) (5.18643e+18,0) (0,0) (-3.61188e+25,0) (0,0) (7.44385e+31,0) 
	all roots: (0.000231265,0) (-0.000231265,0) (0.000460429,0) (-0.000460429,0) (0.000468763,0) (-0.000468763,0) 
	selected roots: 0.000231265 0.000460429 0.000468763 

getHeight(-6e-05, 0, 1)
	polynome is (-1.9325e+11,0) (0,0) (5.32561e+18,0) (0,0) (-3.65924e+25,0) (0,0) (7.44385e+31,0) 
	all roots: (0.00023307,0) (-0.00023307,0) (0.000464693,0) (-0.000464693,0) (-0.000470444,0) (0.000470444,0) 
	selected roots: 0.00023307 0.000464693 0.000470444 

getHeight(-1.6e-05, 0, 1)
	polynome is (-2.10361e+11,0) (0,0) (5.62474e+18,0) (0,0) (-3.75922e+25,0) (0,0) (7.44385e+31,0) 
	all roots: (0.000236835,0) (-0.000236835,0) (0.00047357,0) (-0.00047357,0) (0.000473973,0) (-0.000473973,0) 
	selected roots: 0.000236835 0.00047357 0.000473973 

getHeight(1.6e-05, 0, 1)
	polynome is (-2.10361e+11,0) (0,0) (5.62474e+18,0) (0,0) (-3.75922e+25,0) (0,0) (7.44385e+31,0) 
	all roots: (0.000236835,0) (-0.000236835,0) (0.00047357,0) (-0.00047357,0) (0.000473973,0) (-0.000473973,0) 
	selected roots: 0.000236835 0.00047357 0.000473973 

getHeight(6e-05, 0, 1)
	polynome is (-1.9325e+11,0) (0,0) (5.32561e+18,0) (0,0) (-3.65924e+25,0) (0,0) (7.44385e+31,0) 
	all roots: (0.00023307,0) (-0.00023307,0) (0.000464693,0) (-0.000464693,0) (-0.000470444,0) (0.000470444,0) 
	selected roots: 0.00023307 0.000464693 0.000470444 

getHeight(8.8e-05, 0, 1)
	polynome is (-1.73291e+11,0) (0,0) (4.96492e+18,0) (0,0) (-3.53534e+25,0) (0,0) (7.44385e+31,0) 
	all roots: (0.000228318,0) (-0.000228318,0) (0.000453452,0) (-0.000453452,0) (-0.000466033,0) (0.000466033,0) 
	selected roots: 0.000228318 0.000453452 0.000466033 

getHeight(0.000116, 0, 1)
	polynome is (-1.47968e+11,0) (0,0) (4.48588e+18,0) (0,0) (-3.36457e+25,0) (0,0) (7.44385e+31,0) 
	all roots: (0.000221602,0) (-0.000221602,0) (0.000437484,0) (-0.000437484,0) (0.000459884,0) (-0.000459884,0) 
	selected roots: 0.000221602 0.000437484 0.000459884 

getHeight(0.000148, 0, 1)
	polynome is (-1.1495e+11,0) (0,0) (3.81594e+18,0) (0,0) (-3.112e+25,0) (0,0) (7.44385e+31,0) 
	all roots: (0.00021128,0) (-0.00021128,0) (0.000412738,0) (-0.000412738,0) (0.000450635,0) (-0.000450635,0) 
	selected roots: 0.00021128 0.000412738 0.000450635 

getHeight(0.000184, 0, 1)
	polynome is (-7.66545e+10,0) (0,0) (2.94669e+18,0) (0,0) (-2.75467e+25,0) (0,0) (7.44385e+31,0) 
	all roots: (0.000195753,0) (-0.000195753,0) (0.000374947,0) (-0.000374947,0) (0.000437213,0) (-0.000437213,0) 
	selected roots: 0.000195753 0.000374947 0.000437213 

getHeight(0.000204, 0, 1)
	polynome is (-5.66485e+10,0) (0,0) (2.4316e+18,0) (0,0) (-2.52266e+25,0) (0,0) (7.44385e+31,0) 
	all roots: (0.000184978,0) (-0.000184978,0) (0.000348222,0) (-0.000348222,0) (0.000428272,0) (-0.000428272,0) 
	selected roots: 0.000184978 0.000348222 0.000428272 

getHeight(0.000224, 0, 1)
	polynome is (-3.86299e+10,0) (0,0) (1.90842e+18,0) (0,0) (-2.26674e+25,0) (0,0) (7.44385e+31,0) 
	all roots: (0.000172316,0) (-0.000172316,0) (0.000316131,0) (-0.000316131,0) (0.000418187,0) (-0.000418187,0) 
	selected roots: 0.000172316 0.000316131 0.000418187 

getHeight(0.000236, 0, 1)
	polynome is (-2.90974e+10,0) (0,0) (1.59608e+18,0) (0,0) (-2.10171e+25,0) (0,0) (7.44385e+31,0) 
	all roots: (0.000163634,0) (-0.000163634,0) (0.000293583,0) (-0.000293583,0) (0.000411551,0) (-0.000411551,0) 
	selected roots: 0.000163634 0.000293583 0.000411551 

getHeight(0.000244, 0, 1)
	polynome is (-2.33681e+10,0) (0,0) (1.39038e+18,0) (0,0) (-1.9869e+25,0) (0,0) (7.44385e+31,0) 
	all roots: (0.000157313,0) (-0.000157313,0) (0.000276816,0) (-0.000276816,0) (0.000406871,0) (-0.000406871,0) 
	selected roots: 0.000157313 0.000276816 0.000406871 

getHeight(0.000268, 0, 1)
	polynome is (-9.58768e+09,0) (0,0) (7.9601e+17,0) (0,0) (-1.61953e+25,0) (0,0) (7.44385e+31,0) 
	all roots: (0.00013512,0) (-0.00013512,0) (0.00021453,0) (-0.00021453,0) (0.000391516,0) (-0.000391516,0) 
	selected roots: 0.00013512 0.00021453 0.000391516 

getHeight(0.000276, 0, 1)
	polynome is (-6.22571e+09,0) (0,0) (6.08835e+17,0) (0,0) (-1.48941e+25,0) (0,0) (7.44385e+31,0) 
	all roots: (0.000126332,0) (-0.000126332,0) (0.000187575,0) (-0.000187575,0) (0.00038593,0) (-0.00038593,0) 
	selected roots: 0.000126332 0.000187575 0.00038593 

getHeight(0.000284, 0, 1)
	polynome is (-3.51272e+09,0) (0,0) (4.28904e+17,0) (0,0) (-1.35547e+25,0) (0,0) (7.44385e+31,0) 
	all roots: (0.000116597,0) (-0.000116597,0) (0.000155005,0) (-0.000155005,0) (0.000380094,0) (-0.000380094,0) 
	selected roots: 0.000116597 0.000155005 0.000380094 

getHeight(0.000292, 0, 1)
	polynome is (-1.45864e+09,0) (0,0) (2.57324e+17,0) (0,0) (-1.21771e+25,0) (0,0) (7.44385e+31,0) 
	all roots: (0.000105654,0) (-0.000105654,0) (0.000112027,0) (-0.000112027,0) (0.000373995,0) (-0.000373995,0) 
	selected roots: 0.000105654 0.000112027 0.000373995 

getHeight(0.000312, 0, 1)
	polynome is (7.99162e+08,0) (0,0) (-1.27522e+17,0) (0,0) (-8.56546e+24,0) (0,0) (7.44385e+31,0) 
	all roots: (6.92093e-05,0) (-6.92093e-05,0) (4.37906e-47,-0.000132424) (-1.12104e-44,0.000132424) (0.00035751,2.0843e-45) (-0.00035751,-2.0843e-45) 
	selected roots: 6.92093e-05 0.00035751 

getHeight(0.00032, 0, 1)
	polynome is (5.84738e+08,0) (0,0) (-2.60681e+17,0) (0,0) (-7.05385e+24,0) (0,0) (7.44385e+31,0) 
	all roots: (4.60847e-05,0) (-4.60847e-05,0) (-5.47382e-48,-0.000173575) (5.4738e-48,0.000173575) (0.000350379,-2.71169e-48) (-0.000350379,2.71169e-48) 
	selected roots: 4.60847e-05 0.000350379 

getHeight(0.00034, 0, 1)
	polynome is (-2.48385e+09,0) (0,0) (-5.30684e+17,0) (0,0) (-3.10741e+24,0) (0,0) (7.44385e+31,0) 
	all roots: (0,-6.95204e-05) (0,6.95204e-05) (-3.18618e-58,-0.000251006) (-0.000331031,1.06034e-20) (3.27955e-20,0.000251006) (0.000331031,0) 
	selected roots: 0.000331031 

getHeight(0.000344, 0, 1)
	polynome is (-3.48416e+09,0) (0,0) (-5.726e+17,0) (0,0) (-2.28942e+24,0) (0,0) (7.44385e+31,0) 
	all roots: (0,-7.92106e-05) (-1.67048e-52,7.92106e-05) (7.17783e-53,0.000264231) (-0.000326876,-1.7507e-20) (-1.15274e-20,-0.000264231) (0.000326876,2.95415e-20) 
	selected roots: 0.000326876 

getHeight(0.00034, 0, 1)
	polynome is (-2.48385e+09,0) (0,0) (-5.30684e+17,0) (0,0) (-3.10741e+24,0) (0,0) (7.44385e+31,0) 
	all roots: (0,-6.95204e-05) (0,6.95204e-05) (-3.18618e-58,-0.000251006) (-0.000331031,1.06034e-20) (3.27955e-20,0.000251006) (0.000331031,0) 
	selected roots: 0.000331031 

getHeight(0.000332, 0, 1)
	polynome is (-8.49265e+08,0) (0,0) (-4.34272e+17,0) (0,0) (-4.71469e+24,0) (0,0) (7.44385e+31,0) 
	all roots: (0,-4.47261e-05) (0,4.47261e-05) (7.00649e-46,-0.000222743) (-0.000339045,9.41723e-22) (3.73918e-22,0.000222743) (0.000339045,0) 
	selected roots: 0.000339045 

getHeight(0.000328, 0, 1)
	polynome is (-2.29439e+08,0) (0,0) (-3.80108e+17,0) (0,0) (-5.50398e+24,0) (0,0) (7.44385e+31,0) 
	all roots: (-9.95682e-59,-2.46785e-05) (0,2.46785e-05) (0,-0.000207459) (1.10203e-39,0.000207459) (0.000342912,-3.33359e-40) (-0.000342912,3.33359e-40) 
	selected roots: 0.000342912 

getHeight(0.00032, 0, 1)
	polynome is (5.84738e+08,0) (0,0) (-2.60681e+17,0) (0,0) (-7.05385e+24,0) (0,0) (7.44385e+31,0) 
	all roots: (4.60847e-05,0) (-4.60847e-05,0) (-5.47382e-48,-0.000173575) (5.4738e-48,0.000173575) (0.000350379,-2.71169e-48) (-0.000350379,2.71169e-48) 
	selected roots: 4.60847e-05 0.000350379 

getHeight(0.000312, 0, 1)
	polynome is (7.99162e+08,0) (0,0) (-1.27522e+17,0) (0,0) (-8.56546e+24,0) (0,0) (7.44385e+31,0) 
	all roots: (6.92093e-05,0) (-6.92093e-05,0) (4.37906e-47,-0.000132424) (-1.12104e-44,0.000132424) (0.00035751,2.0843e-45) (-0.00035751,-2.0843e-45) 
	selected roots: 6.92093e-05 0.00035751 

getHeight(0.000308, 0, 1)
	polynome is (6.71811e+08,0) (0,0) (-5.61847e+16,0) (0,0) (-9.30692e+24,0) (0,0) (7.44385e+31,0) 
	all roots: (7.80894e-05,0) (-4.53056e-21,-0.00010658) (-7.80894e-05,6.44251e-21) (4.37906e-47,0.00010658) (0.000360957,-6.46507e-48) (-0.000360957,6.46507e-48) 
	selected roots: 7.80894e-05 0.000360957 

getHeight(0.0003, 0, 1)
	polynome is (-6.578e+07,0) (0,0) (9.52377e+16,0) (0,0) (-1.07611e+25,0) (0,0) (7.44385e+31,0) 
	all roots: (2.74721e-05,0) (-2.74721e-05,0) (9.30798e-05,0) (-9.30798e-05,0) (0.000367621,0) (-0.000367621,0) 
	selected roots: 2.74721e-05 9.30798e-05 0.000367621 

getHeight(0.000292, 0, 1)
	polynome is (-1.45864e+09,0) (0,0) (2.57324e+17,0) (0,0) (-1.21771e+25,0) (0,0) (7.44385e+31,0) 
	all roots: (0.000105654,0) (-0.000105654,0) (0.000112027,0) (-0.000112027,0) (0.000373995,0) (-0.000373995,0) 
	selected roots: 0.000105654 0.000112027 0.000373995 

getHeight(0.000284, 0, 1)
	polynome is (-3.51272e+09,0) (0,0) (4.28904e+17,0) (0,0) (-1.35547e+25,0) (0,0) (7.44385e+31,0) 
	all roots: (0.000116597,0) (-0.000116597,0) (0.000155005,0) (-0.000155005,0) (0.000380094,0) (-0.000380094,0) 
	selected roots: 0.000116597 0.000155005 0.000380094 

getHeight(0.000276, 0, 1)
	polynome is (-6.22571e+09,0) (0,0) (6.08835e+17,0) (0,0) (-1.48941e+25,0) (0,0) (7.44385e+31,0) 
	all roots: (0.000126332,0) (-0.000126332,0) (0.000187575,0) (-0.000187575,0) (0.00038593,0) (-0.00038593,0) 
	selected roots: 0.000126332 0.000187575 0.00038593 

getHeight(0.000268, 0, 1)
	polynome is (-9.58768e+09,0) (0,0) (7.9601e+17,0) (0,0) (-1.61953e+25,0) (0,0) (7.44385e+31,0) 
	all roots: (0.00013512,0) (-0.00013512,0) (0.00021453,0) (-0.00021453,0) (0.000391516,0) (-0.000391516,0) 
	selected roots: 0.00013512 0.00021453 0.000391516 

getHeight(0.000252, 0, 1)
	polynome is (-1.81849e+10,0) (0,0) (1.18781e+18,0) (0,0) (-1.86827e+25,0) (0,0) (7.44385e+31,0) 
	all roots: (0.000150503,0) (-0.000150503,0) (0.00025835,0) (-0.00025835,0) (0.000401977,0) (-0.000401977,0) 
	selected roots: 0.000150503 0.00025835 0.000401977 

getHeight(0.00024, 0, 1)
	polynome is (-2.61668e+10,0) (0,0) (1.4929e+18,0) (0,0) (-2.04478e+25,0) (0,0) (7.44385e+31,0) 
	all roots: (0.000160531,0) (-0.000160531,0) (0.000285393,0) (-0.000285393,0) (0.000409238,0) (-0.000409238,0) 
	selected roots: 0.000160531 0.000285393 0.000409238 

getHeight(0.00024, -3.2e-05, 1)
	polynome is (-2.11047e+10,0) (0,0) (1.38812e+18,0) (0,0) (-2.01417e+25,0) (0,0) (7.44385e+31,0) 
	all roots: (0.000145709,0) (-0.000145709,0) (0.000279066,0) (-0.000279066,0) (0.000414093,0) (-0.000414093,0) 
	selected roots: 0.000145709 0.000279066 0.000414093 

getHeight(0.00024, -4.8e-05, 1)
	polynome is (-1.49097e+10,0) (0,0) (1.2581e+18,0) (0,0) (-1.9759e+25,0) (0,0) (7.44385e+31,0) 
	all roots: (0.000123806,0) (-0.000123806,0) (0.000272663,0) (-0.000272663,0) (0.000419247,0) (-0.000419247,0) 
	selected roots: 0.000123806 0.000272663 0.000419247 

getHeight(0.00024, -6.4e-05, 1)
	polynome is (-6.48199e+09,0) (0,0) (1.07784e+18,0) (0,0) (-1.92233e+25,0) (0,0) (7.44385e+31,0) 
	all roots: (8.25954e-05,0) (-8.25954e-05,0) (0.000265679,0) (-0.000265679,0) (0.000425248,0) (-0.000425248,0) 
	selected roots: 8.25954e-05 0.000265679 0.000425248 

getHeight(0.00024, -9.6e-05, 1)
	polynome is (1.60492e+10,0) (0,0) (5.74209e+17,0) (0,0) (-1.76925e+25,0) (0,0) (7.44385e+31,0) 
	all roots: (-4.27642e-50,-0.000132834) (-2.73691e-48,0.000132834) (0.000252583,1.16014e-48) (-0.000252583,-1.16014e-48) (0.000437637,-2.60708e-49) (-0.000437637,2.60708e-49) 
	selected roots: 0.000252583 0.000437637 

getHeight(0.00024, -0.000112, 1)
	polynome is (2.94927e+10,0) (0,0) (2.5591e+17,0) (0,0) (-1.66975e+25,0) (0,0) (7.44385e+31,0) 
	all roots: (0,-0.000181983) (-0.0002467,-8.92072e-22) (-2.91956e-21,0.000181983) (0.0002467,1.32483e-20) (0.000443362,-3.32997e-20) (-0.000443362,-9.49014e-21) 
	selected roots: 0.0002467 0.000443362 

getHeight(0.00024, -0.000128, 1)
	polynome is (4.38611e+10,0) (0,0) (-1.0249e+17,0) (0,0) (-1.55495e+25,0) (0,0) (7.44385e+31,0) 
	all roots: (0.000448526,0) (-5.02668e-21,-0.000224498) (-0.000241069,-1.0596e-20) (0.000241069,-3.29591e-20) (3.07286e-20,0.000224498) (-0.000448526,0) 
	selected roots: 0.000241069 0.000448526 

getHeight(0.00024, -0.000144, 1)
	polynome is (5.87046e+10,0) (0,0) (-4.9719e+17,0) (0,0) (-1.42483e+25,0) (0,0) (7.44385e+31,0) 
	all roots: (0.000235504,0) (-4.56663e-21,-0.000263218) (-0.000235504,-5.88642e-21) (5.40375e-22,0.000263218) (0.000453026,4.65021e-22) (-0.000453026,-4.65021e-22) 
	selected roots: 0.000235504 0.000453026 

getHeight(0.00024, -0.000156, 1)
	polynome is (6.98594e+10,0) (0,0) (-8.14464e+17,0) (0,0) (-1.3172e+25,0) (0,0) (7.44385e+31,0) 
	all roots: (0.000231277,0) (-0.000455926,0) (-9.11442e-21,-0.000290527) (-0.000231277,-1.04504e-20) (-2.1334e-20,0.000290527) (0.000455926,0) 
	selected roots: 0.000231277 0.000455926 

getHeight(0.00024, -0.000172, 1)
	polynome is (8.43578e+10,0) (0,0) (-1.26202e+18,0) (0,0) (-1.1603e+25,0) (0,0) (7.44385e+31,0) 
	all roots: (0.000225463,0) (-0.000225463,0) (0,-0.000325204) (-0.000459127,3.53698e-20) (-5.03712e-20,0.000325204) (0.000459127,0) 
	selected roots: 0.000225463 0.000459127 

getHeight(0.00024, -0.000184, 1)
	polynome is (9.46682e+10,0) (0,0) (-1.61323e+18,0) (0,0) (-1.03258e+25,0) (0,0) (7.44385e+31,0) 
	all roots: (0.00022091,0) (-0.00022091,0) (0,-0.000350167) (-0.000461012,5.13793e-21) (3.76105e-20,0.000350167) (0.000461012,-5.9083e-20) 
	selected roots: 0.00022091 0.000461012 

getHeight(0.00024, -0.000204, 1)
	polynome is (1.1013e+11,0) (0,0) (-2.22113e+18,0) (0,0) (-8.00578e+24,0) (0,0) (7.44385e+31,0) 
	all roots: (0.000212842,0) (-0.000212842,0) (0,-0.000390196) (-0.000463142,-3.01056e-21) (2.00892e-20,0.000390196) (0.000463142,-5.9083e-20) 
	selected roots: 0.000212842 0.000463142 

getHeight(0.00024, -0.000228, 1)
	polynome is (1.24626e+11,0) (0,0) (-2.97276e+18,0) (0,0) (-4.90603e+24,0) (0,0) (7.44385e+31,0) 
	all roots: (0.000202176,0) (-0.000202176,0) (-2.48921e-60,-0.000436181) (-0.000463989,2.43537e-20) (-2.47037e-20,0.000436181) (0.000463989,0) 
	selected roots: 0.000202176 0.000463989 

getHeight(0.00024, -0.00024, 1)
	polynome is (1.29742e+11,0) (0,0) (-3.35098e+18,0) (0,0) (-3.227e+24,0) (0,0) (7.44385e+31,0) 
	all roots: (0.000196366,0) (-0.000196366,0) (-4.37906e-47,-0.000458502) (-0.000463698,9.176e-21) (3.52e-20,0.000458502) (0.000463698,0) 
	selected roots: 0.000196366 0.000463698 

getHeight(0.00024, -0.000252, 1)
	polynome is (1.33195e+11,0) (0,0) (-3.72667e+18,0) (0,0) (-1.46186e+24,0) (0,0) (7.44385e+31,0) 
	all roots: (0.000190193,0) (-0.000190193,0) (0.00046292,0) (7.95732e-21,-0.000480447) (-0.00046292,2.95211e-20) (0,0.000480447) 
	selected roots: 0.000190193 0.00046292 

getHeight(0.00024, -0.000272, 1)
	polynome is (1.34831e+11,0) (0,0) (-4.33824e+18,0) (0,0) (1.67137e+24,0) (0,0) (7.44385e+31,0) 
	all roots: (0.000178996,0) (-0.000178996,0) (0.000460519,0) (-1.57261e-20,-0.000516304) (-0.000460519,1.06828e-20) (0,0.000516304) 
	selected roots: 0.000178996 0.000460519 

getHeight(0.00024, -0.000248, 1)
	polynome is (1.32239e+11,0) (0,0) (-3.60192e+18,0) (0,0) (-2.05981e+24,0) (0,0) (7.44385e+31,0) 
	all roots: (0.000192293,0) (-0.000192293,0) (0.000463234,0) (4.198e-20,-0.000473171) (-0.000463234,0) (0,0.000473171) 
	selected roots: 0.000192293 0.000463234 

getHeight(0.00024, -0.000236, 1)
	polynome is (1.28213e+11,0) (0,0) (-3.22503e+18,0) (0,0) (-3.79624e+24,0) (0,0) (7.44385e+31,0) 
	all roots: (0.000198341,0) (-0.000198341,0) (5.22024e-54,-0.000451106) (-0.000463849,1.74817e-21) (-3.41307e-21,0.000451106) (0.000463849,0) 
	selected roots: 0.000198341 0.000463849 

getHeight(0.00024, -0.000224, 1)
	polynome is (1.22581e+11,0) (0,0) (-2.84668e+18,0) (0,0) (-5.44658e+24,0) (0,0) (7.44385e+31,0) 
	all roots: (0.000204038,0) (-0.000204038,0) (-1.4013e-45,-0.000428649) (-0.00046398,-9.62118e-21) (5.28722e-20,0.000428649) (0.00046398,0) 
	selected roots: 0.000204038 0.00046398 

getHeight(0.00024, -0.0002, 1)
	polynome is (1.07248e+11,0) (0,0) (-2.09773e+18,0) (0,0) (-8.48893e+24,0) (0,0) (7.44385e+31,0) 
	all roots: (0.00021451,0) (-0.00021451,0) (-2.0881e-53,-0.000382329) (-0.000462818,8.40185e-21) (-2.68449e-20,0.000382329) (0.000462818,-5.9083e-20) 
	selected roots: 0.00021451 0.000462818 

getHeight(0.00024, -0.000184, 1)
	polynome is (9.46682e+10,0) (0,0) (-1.61323e+18,0) (0,0) (-1.03258e+25,0) (0,0) (7.44385e+31,0) 
	all roots: (0.00022091,0) (-0.00022091,0) (0,-0.000350167) (-0.000461012,5.13793e-21) (3.76105e-20,0.000350167) (0.000461012,-5.9083e-20) 
	selected roots: 0.00022091 0.000461012 

getHeight(0.00024, -0.000164, 1)
	polynome is (7.71889e+10,0) (0,0) (-1.035e+18,0) (0,0) (-1.24067e+25,0) (0,0) (7.44385e+31,0) 
	all roots: (0.000228401,0) (-0.000457624,0) (-0.000228401,0) (-1.69579e-20,-0.000308085) (-2.46627e-21,0.000308085) (0.000457624,0) 
	selected roots: 0.000228401 0.000457624 

getHeight(0.00024, -0.000148, 1)
	polynome is (6.24337e+10,0) (0,0) (-6.01043e+17,0) (0,0) (-1.38991e+25,0) (0,0) (7.44385e+31,0) 
	all roots: (0.000234104,0) (-6.91166e-21,-0.000272464) (-0.000234104,-4.23506e-20) (-3.29411e-20,0.000272464) (0.000454039,3.05615e-20) (-0.000454039,2.85214e-20) 
	selected roots: 0.000234104 0.000454039 

getHeight(0.00024, -0.000116, 1)
	polynome is (3.3015e+10,0) (0,0) (1.69929e+17,0) (0,0) (-1.64249e+25,0) (0,0) (7.44385e+31,0) 
	all roots: (0,-0.000193074) (-0.000245276,-1.55199e-21) (2.60176e-21,0.000193074) (0.000245276,0) (0.000444711,0) (-0.000444711,0) 
	selected roots: 0.000245276 0.000444711 

getHeight(0.00024, -0.0001, 1)
	polynome is (1.93003e+10,0) (0,0) (4.98583e+17,0) (0,0) (-1.74581e+25,0) (0,0) (7.44385e+31,0) 
	all roots: (-5.47382e-48,-0.000146048) (-0.000439113,2.57975e-20) (5.06857e-20,0.000146048) (0.000251078,-5.53692e-20) (-0.000251078,-3.71636e-20) (0.000439113,3.90834e-21) 
	selected roots: 0.000251078 0.000439113 

getHeight(0.00024, -8.4e-05, 1)
	polynome is (6.82055e+09,0) (0,0) (7.84617e+17,0) (0,0) (-1.83383e+25,0) (0,0) (7.44385e+31,0) 
	all roots: (8.75812e-47,-8.59144e-05) (-8.75812e-47,8.59144e-05) (0.000257269,4.69772e-47) (-0.000257269,-4.69772e-47) (0.000433069,-1.05325e-47) (-0.000433069,1.05325e-47) 
	selected roots: 0.000257269 0.000433069 

getHeight(0.00024, -5.2e-05, 1)
	polynome is (-1.30038e+10,0) (0,0) (1.21768e+18,0) (0,0) (-1.96394e+25,0) (0,0) (7.44385e+31,0) 
	all roots: (0.000115961,0) (-0.000115961,0) (0.000270932,0) (-0.000270932,0) (0.000420694,0) (-0.000420694,0) 
	selected roots: 0.000115961 0.000270932 0.000420694 

getHeight(0.00024, -1.6e-05, 1)
	polynome is (-2.48924e+10,0) (0,0) (1.46664e+18,0) (0,0) (-2.03713e+25,0) (0,0) (7.44385e+31,0) 
	all roots: (0.000157018,0) (-0.000157018,0) (0.000283691,0) (-0.000283691,0) (0.000410525,0) (-0.000410525,0) 
	selected roots: 0.000157018 0.000283691 0.000410525 

getHeight(0.00024, 1.6e-05, 1)
	polynome is (-2.48924e+10,0) (0,0) (1.46664e+18,0) (0,0) (-2.03713e+25,0) (0,0) (7.44385e+31,0) 
	all roots: (0.000157018,0) (-0.000157018,0) (0.000283691,0) (-0.000283691,0) (0.000410525,0) (-0.000410525,0) 
	selected roots: 0.000157018 0.000283691 0.000410525 

getHeight(0.00024, 3.2e-05, 1)
	polynome is (-2.11047e+10,0) (0,0) (1.38812e+18,0) (0,0) (-2.01417e+25,0) (0,0) (7.44385e+31,0) 
	all roots: (0.000145709,0) (-0.000145709,0) (0.000279066,0) (-0.000279066,0) (0.000414093,0) (-0.000414093,0) 
	selected roots: 0.000145709 0.000279066 0.000414093 

getHeight(0.00024, 4.8e-05, 1)
	polynome is (-1.49097e+10,0) (0,0) (1.2581e+18,0) (0,0) (-1.9759e+25,0) (0,0) (7.44385e+31,0) 
	all roots: (0.000123806,0) (-0.000123806,0) (0.000272663,0) (-0.000272663,0) (0.000419247,0) (-0.000419247,0) 
	selected roots: 0.000123806 0.000272663 0.000419247 

getHeight(0.00024, 9.6e-05, 1)
	polynome is (1.60492e+10,0) (0,0) (5.74209e+17,0) (0,0) (-1.76925e+25,0) (0,0) (7.44385e+31,0) 
	all roots: (-4.27642e-50,-0.000132834) (-2.73691e-48,0.000132834) (0.000252583,1.16014e-48) (-0.000252583,-1.16014e-48) (0.000437637,-2.60708e-49) (-0.000437637,2.60708e-49) 
	selected roots: 0.000252583 0.000437637 

getHeight(0.00024, 0.000112, 1)
	polynome is (2.94927e+10,0) (0,0) (2.5591e+17,0) (0,0) (-1.66975e+25,0) (0,0) (7.44385e+31,0) 
	all roots: (0,-0.000181983) (-0.0002467,-8.92072e-22) (-2.91956e-21,0.000181983) (0.0002467,1.32483e-20) (0.000443362,-3.32997e-20) (-0.000443362,-9.49014e-21) 
	selected roots: 0.0002467 0.000443362 

getHeight(0.00024, 0.000128, 1)
	polynome is (4.38611e+10,0) (0,0) (-1.0249e+17,0) (0,0) (-1.55495e+25,0) (0,0) (7.44385e+31,0) 
	all roots: (0.000448526,0) (-5.02668e-21,-0.000224498) (-0.000241069,-1.0596e-20) (0.000241069,-3.29591e-20) (3.07286e-20,0.000224498) (-0.000448526,0) 
	selected roots: 0.000241069 0.000448526 

getHeight(0.00024, 0.000156, 1)
	polynome is (6.98594e+10,0) (0,0) (-8.14464e+17,0) (0,0) (-1.3172e+25,0) (0,0) (7.44385e+31,0) 
	all roots: (0.000231277,0) (-0.000455926,0) (-9.11442e-21,-0.000290527) (-0.000231277,-1.04504e-20) (-2.1334e-20,0.000290527) (0.000455926,0) 
	selected roots: 0.000231277 0.000455926 

getHeight(0.00024, 0.000184, 1)
	polynome is (9.46682e+10,0) (0,0) (-1.61323e+18,0) (0,0) (-1.03258e+25,0) (0,0) (7.44385e+31,0) 
	all roots: (0.00022091,0) (-0.00022091,0) (0,-0.000350167) (-0.000461012,5.13793e-21) (3.76105e-20,0.000350167) (0.000461012,-5.9083e-20) 
	selected roots: 0.00022091 0.000461012 

getHeight(0.00024, 0.000196, 1)
	polynome is (1.04252e+11,0) (0,0) (-1.97515e+18,0) (0,0) (-8.9625e+24,0) (0,0) (7.44385e+31,0) 
	all roots: (0.000216149,0) (-0.000216149,0) (1.30506e-54,-0.000374396) (-0.000462443,5.10484e-21) (3.94201e-20,0.000374396) (0.000462443,-5.9083e-20) 
	selected roots: 0.000216149 0.000462443 

getHeight(0.00024, 0.000208, 1)
	polynome is (1.12892e+11,0) (0,0) (-2.34523e+18,0) (0,0) (-7.51308e+24,0) (0,0) (7.44385e+31,0) 
	all roots: (0.000211145,0) (-0.000211145,0) (0,-0.000398001) (-0.000463414,1.75426e-20) (-3.41765e-21,0.000398001) (0.000463414,0) 
	selected roots: 0.000211145 0.000463414 

getHeight(0.00024, 0.00022, 1)
	polynome is (1.20377e+11,0) (0,0) (-2.72077e+18,0) (0,0) (-5.97755e+24,0) (0,0) (7.44385e+31,0) 
	all roots: (0.000205865,0) (-0.000205865,0) (-5.55037e-21,-0.000421067) (-0.000463917,-2.64008e-21) (-3.08161e-20,0.000421067) (0.000463917,5.9083e-20) 
	selected roots: 0.000205865 0.000463917 

getHeight(0.00024, 0.000232, 1)
	polynome is (1.26505e+11,0) (0,0) (-3.09892e+18,0) (0,0) (-4.35592e+24,0) (0,0) (7.44385e+31,0) 
	all roots: (0.000200277,0) (-0.000200277,0) (-3.18618e-58,-0.000443666) (-0.000463946,-3.28947e-20) (5.00962e-21,0.000443666) (0.000463946,0) 
	selected roots: 0.000200277 0.000463946 

getHeight(0.00024, 0.000244, 1)
	polynome is (1.31086e+11,0) (0,0) (-3.47665e+18,0) (0,0) (-2.64819e+24,0) (0,0) (7.44385e+31,0) 
	all roots: (0.00019435,0) (-0.00019435,0) (0.000463493,0) (-1.55039e-20,-0.000465857) (-0.000463493,-2.95411e-20) (0,0.000465857) 
	selected roots: 0.00019435 0.000463493 

getHeight(0.00024, 0.000252, 1)
	polynome is (1.33195e+11,0) (0,0) (-3.72667e+18,0) (0,0) (-1.46186e+24,0) (0,0) (7.44385e+31,0) 
	all roots: (0.000190193,0) (-0.000190193,0) (0.00046292,0) (7.95732e-21,-0.000480447) (-0.00046292,2.95211e-20) (0,0.000480447) 
	selected roots: 0.000190193 0.00046292 

getHeight(0.00024, 0.000264, 1)
	polynome is (1.34825e+11,0) (0,0) (-4.09656e+18,0) (0,0) (3.89377e+23,0) (0,0) (7.44385e+31,0) 
	all roots: (0.00018362,0) (-0.00018362,0) (0.000461647,0) (1.91949e-20,-0.000502061) (-0.000461647,3.58066e-20) (0,0.000502061) 
	selected roots: 0.00018362 0.000461647 

getHeight(0.00024, 0.000272, 1)
	polynome is (1.34831e+11,0) (0,0) (-4.33824e+18,0) (0,0) (1.67137e+24,0) (0,0) (7.44385e+31,0) 
	all roots: (0.000178996,0) (-0.000178996,0) (0.000460519,0) (-1.57261e-20,-0.000516304) (-0.000460519,1.06828e-20) (0,0.000516304) 
	selected roots: 0.000178996 0.000460519 

getHeight(0.00024, 0.000276, 1)
	polynome is (1.34497e+11,0) (0,0) (-4.4572e+18,0) (0,0) (2.32672e+24,0) (0,0) (7.44385e+31,0) 
	all roots: (0.000176606,0) (-0.000176606,0) (0.000459869,0) (-7.4302e-21,-0.00052338) (-0.000459869,-5.583e-20) (0,0.00052338) 
	selected roots: 0.000176606 0.000459869 

getHeight(0.00024, 0.000284, 1)
	polynome is (1.33136e+11,0) (0,0) (-4.69071e+18,0) (0,0) (3.66612e+24,0) (0,0) (7.44385e+31,0) 
	all roots: (0.000171662,0) (-0.000171662,0) (0.000458398,0) (-3.87749e-21,-0.000537445) (-0.000458398,-2.38346e-20) (5.9083e-20,0.000537445) 
	selected roots: 0.000171662 0.000458398 

getHeight(0.00024, 0.000284, 1)
	polynome is (1.33136e+11,0) (0,0) (-4.69071e+18,0) (0,0) (3.66612e+24,0) (0,0) (7.44385e+31,0) 
	all roots: (0.000171662,0) (-0.000171662,0) (0.000458398,0) (-3.87749e-21,-0.000537445) (-0.000458398,-2.38346e-20) (5.9083e-20,0.000537445) 
	selected roots: 0.000171662 0.000458398 

getHeight(0.00024, 0.000284, 1)
	polynome is (1.33136e+11,0) (0,0) (-4.69071e+18,0) (0,0) (3.66612e+24,0) (0,0) (7.44385e+31,0) 
	all roots: (0.000171662,0) (-0.000171662,0) (0.000458398,0) (-3.87749e-21,-0.000537445) (-0.000458398,-2.38346e-20) (5.9083e-20,0.000537445) 
	selected roots: 0.000171662 0.000458398 

getHeight(0.00024, 0.000284, 1)
	polynome is (1.33136e+11,0) (0,0) (-4.69071e+18,0) (0,0) (3.66612e+24,0) (0,0) (7.44385e+31,0) 
	all roots: (0.000171662,0) (-0.000171662,0) (0.000458398,0) (-3.87749e-21,-0.000537445) (-0.000458398,-2.38346e-20) (5.9083e-20,0.000537445) 
	selected roots: 0.000171662 0.000458398 

getHeight(0.00024, 0.000284, 1)
	polynome is (1.33136e+11,0) (0,0) (-4.69071e+18,0) (0,0) (3.66612e+24,0) (0,0) (7.44385e+31,0) 
	all roots: (0.000171662,0) (-0.000171662,0) (0.000458398,0) (-3.87749e-21,-0.000537445) (-0.000458398,-2.38346e-20) (5.9083e-20,0.000537445) 
	selected roots: 0.000171662 0.000458398 

getHeight(0.00024, 0.000284, 1)
	polynome is (1.33136e+11,0) (0,0) (-4.69071e+18,0) (0,0) (3.66612e+24,0) (0,0) (7.44385e+31,0) 
	all roots: (0.000171662,0) (-0.000171662,0) (0.000458398,0) (-3.87749e-21,-0.000537445) (-0.000458398,-2.38346e-20) (5.9083e-20,0.000537445) 
	selected roots: 0.000171662 0.000458398 

getHeight(0.00024, 0.000284, 1)
	polynome is (1.33136e+11,0) (0,0) (-4.69071e+18,0) (0,0) (3.66612e+24,0) (0,0) (7.44385e+31,0) 
	all roots: (0.000171662,0) (-0.000171662,0) (0.000458398,0) (-3.87749e-21,-0.000537445) (-0.000458398,-2.38346e-20) (5.9083e-20,0.000537445) 
	selected roots: 0.000171662 0.000458398 

getHeight(0.00024, 0.000284, 1)
	polynome is (1.33136e+11,0) (0,0) (-4.69071e+18,0) (0,0) (3.66612e+24,0) (0,0) (7.44385e+31,0) 
	all roots: (0.000171662,0) (-0.000171662,0) (0.000458398,0) (-3.87749e-21,-0.000537445) (-0.000458398,-2.38346e-20) (5.9083e-20,0.000537445) 
	selected roots: 0.000171662 0.000458398 

getHeight(0.00024, 0.000284, 1)
	polynome is (1.33136e+11,0) (0,0) (-4.69071e+18,0) (0,0) (3.66612e+24,0) (0,0) (7.44385e+31,0) 
	all roots: (0.000171662,0) (-0.000171662,0) (0.000458398,0) (-3.87749e-21,-0.000537445) (-0.000458398,-2.38346e-20) (5.9083e-20,0.000537445) 
	selected roots: 0.000171662 0.000458398 

getHeight(0.00024, 0.000284, 1)
	polynome is (1.33136e+11,0) (0,0) (-4.69071e+18,0) (0,0) (3.66612e+24,0) (0,0) (7.44385e+31,0) 
	all roots: (0.000171662,0) (-0.000171662,0) (0.000458398,0) (-3.87749e-21,-0.000537445) (-0.000458398,-2.38346e-20) (5.9083e-20,0.000537445) 
	selected roots: 0.000171662 0.000458398 

getHeight(0.00024, 0.000284, 1)
	polynome is (1.33136e+11,0) (0,0) (-4.69071e+18,0) (0,0) (3.66612e+24,0) (0,0) (7.44385e+31,0) 
	all roots: (0.000171662,0) (-0.000171662,0) (0.000458398,0) (-3.87749e-21,-0.000537445) (-0.000458398,-2.38346e-20) (5.9083e-20,0.000537445) 
	selected roots: 0.000171662 0.000458398 

getHeight(0.00024, 0.000284, 1)
	polynome is (1.33136e+11,0) (0,0) (-4.69071e+18,0) (0,0) (3.66612e+24,0) (0,0) (7.44385e+31,0) 
	all roots: (0.000171662,0) (-0.000171662,0) (0.000458398,0) (-3.87749e-21,-0.000537445) (-0.000458398,-2.38346e-20) (5.9083e-20,0.000537445) 
	selected roots: 0.000171662 0.000458398 

getHeight(0.00024, 0.000284, 1)
	polynome is (1.33136e+11,0) (0,0) (-4.69071e+18,0) (0,0) (3.66612e+24,0) (0,0) (7.44385e+31,0) 
	all roots: (0.000171662,0) (-0.000171662,0) (0.000458398,0) (-3.87749e-21,-0.000537445) (-0.000458398,-2.38346e-20) (5.9083e-20,0.000537445) 
	selected roots: 0.000171662 0.000458398 

getHeight(0.00024, 0.000284, 1)
	polynome is (1.33136e+11,0) (0,0) (-4.69071e+18,0) (0,0) (3.66612e+24,0) (0,0) (7.44385e+31,0) 
	all roots: (0.000171662,0) (-0.000171662,0) (0.000458398,0) (-3.87749e-21,-0.000537445) (-0.000458398,-2.38346e-20) (5.9083e-20,0.000537445) 
	selected roots: 0.000171662 0.000458398 

getHeight(0.00024, 0.000284, 1)
	polynome is (1.33136e+11,0) (0,0) (-4.69071e+18,0) (0,0) (3.66612e+24,0) (0,0) (7.44385e+31,0) 
	all roots: (0.000171662,0) (-0.000171662,0) (0.000458398,0) (-3.87749e-21,-0.000537445) (-0.000458398,-2.38346e-20) (5.9083e-20,0.000537445) 
	selected roots: 0.000171662 0.000458398 

getHeight(0.00024, 0.000284, 1)
	polynome is (1.33136e+11,0) (0,0) (-4.69071e+18,0) (0,0) (3.66612e+24,0) (0,0) (7.44385e+31,0) 
	all roots: (0.000171662,0) (-0.000171662,0) (0.000458398,0) (-3.87749e-21,-0.000537445) (-0.000458398,-2.38346e-20) (5.9083e-20,0.000537445) 
	selected roots: 0.000171662 0.000458398 

getHeight(0.00024, 0.000284, 1)
	polynome is (1.33136e+11,0) (0,0) (-4.69071e+18,0) (0,0) (3.66612e+24,0) (0,0) (7.44385e+31,0) 
	all roots: (0.000171662,0) (-0.000171662,0) (0.000458398,0) (-3.87749e-21,-0.000537445) (-0.000458398,-2.38346e-20) (5.9083e-20,0.000537445) 
	selected roots: 0.000171662 0.000458398 

getHeight(0.00024, 0.000284, 1)
	polynome is (1.33136e+11,0) (0,0) (-4.69071e+18,0) (0,0) (3.66612e+24,0) (0,0) (7.44385e+31,0) 
	all roots: (0.000171662,0) (-0.000171662,0) (0.000458398,0) (-3.87749e-21,-0.000537445) (-0.000458398,-2.38346e-20) (5.9083e-20,0.000537445) 
	selected roots: 0.000171662 0.000458398 

getHeight(0.00024, 0.000284, 1)
	polynome is (1.33136e+11,0) (0,0) (-4.69071e+18,0) (0,0) (3.66612e+24,0) (0,0) (7.44385e+31,0) 
	all roots: (0.000171662,0) (-0.000171662,0) (0.000458398,0) (-3.87749e-21,-0.000537445) (-0.000458398,-2.38346e-20) (5.9083e-20,0.000537445) 
	selected roots: 0.000171662 0.000458398 

getHeight(0.00024, 0.000284, 1)
	polynome is (1.33136e+11,0) (0,0) (-4.69071e+18,0) (0,0) (3.66612e+24,0) (0,0) (7.44385e+31,0) 
	all roots: (0.000171662,0) (-0.000171662,0) (0.000458398,0) (-3.87749e-21,-0.000537445) (-0.000458398,-2.38346e-20) (5.9083e-20,0.000537445) 
	selected roots: 0.000171662 0.000458398 

getHeight(0.00024, 0.000284, 1)
	polynome is (1.33136e+11,0) (0,0) (-4.69071e+18,0) (0,0) (3.66612e+24,0) (0,0) (7.44385e+31,0) 
	all roots: (0.000171662,0) (-0.000171662,0) (0.000458398,0) (-3.87749e-21,-0.000537445) (-0.000458398,-2.38346e-20) (5.9083e-20,0.000537445) 
	selected roots: 0.000171662 0.000458398 

getHeight(0.00024, 0.000284, 1)
	polynome is (1.33136e+11,0) (0,0) (-4.69071e+18,0) (0,0) (3.66612e+24,0) (0,0) (7.44385e+31,0) 
	all roots: (0.000171662,0) (-0.000171662,0) (0.000458398,0) (-3.87749e-21,-0.000537445) (-0.000458398,-2.38346e-20) (5.9083e-20,0.000537445) 
	selected roots: 0.000171662 0.000458398 

getHeight(0.00024, 0.000284, 1)
	polynome is (1.33136e+11,0) (0,0) (-4.69071e+18,0) (0,0) (3.66612e+24,0) (0,0) (7.44385e+31,0) 
	all roots: (0.000171662,0) (-0.000171662,0) (0.000458398,0) (-3.87749e-21,-0.000537445) (-0.000458398,-2.38346e-20) (5.9083e-20,0.000537445) 
	selected roots: 0.000171662 0.000458398 

getHeight(0.00024, 0.000284, 1)
	polynome is (1.33136e+11,0) (0,0) (-4.69071e+18,0) (0,0) (3.66612e+24,0) (0,0) (7.44385e+31,0) 
	all roots: (0.000171662,0) (-0.000171662,0) (0.000458398,0) (-3.87749e-21,-0.000537445) (-0.000458398,-2.38346e-20) (5.9083e-20,0.000537445) 
	selected roots: 0.000171662 0.000458398 

getHeight(0.00024, 0.000284, 1)
	polynome is (1.33136e+11,0) (0,0) (-4.69071e+18,0) (0,0) (3.66612e+24,0) (0,0) (7.44385e+31,0) 
	all roots: (0.000171662,0) (-0.000171662,0) (0.000458398,0) (-3.87749e-21,-0.000537445) (-0.000458398,-2.38346e-20) (5.9083e-20,0.000537445) 
	selected roots: 0.000171662 0.000458398 

getHeight(0.00024, 0.000284, 1)
	polynome is (1.33136e+11,0) (0,0) (-4.69071e+18,0) (0,0) (3.66612e+24,0) (0,0) (7.44385e+31,0) 
	all roots: (0.000171662,0) (-0.000171662,0) (0.000458398,0) (-3.87749e-21,-0.000537445) (-0.000458398,-2.38346e-20) (5.9083e-20,0.000537445) 
	selected roots: 0.000171662 0.000458398 

getHeight(0.00024, 0.000284, 1)
	polynome is (1.33136e+11,0) (0,0) (-4.69071e+18,0) (0,0) (3.66612e+24,0) (0,0) (7.44385e+31,0) 
	all roots: (0.000171662,0) (-0.000171662,0) (0.000458398,0) (-3.87749e-21,-0.000537445) (-0.000458398,-2.38346e-20) (5.9083e-20,0.000537445) 
	selected roots: 0.000171662 0.000458398 

getHeight(0.00024, 0.000284, 1)
	polynome is (1.33136e+11,0) (0,0) (-4.69071e+18,0) (0,0) (3.66612e+24,0) (0,0) (7.44385e+31,0) 
	all roots: (0.000171662,0) (-0.000171662,0) (0.000458398,0) (-3.87749e-21,-0.000537445) (-0.000458398,-2.38346e-20) (5.9083e-20,0.000537445) 
	selected roots: 0.000171662 0.000458398 

getHeight(0.00024, 0.000284, 1)
	polynome is (1.33136e+11,0) (0,0) (-4.69071e+18,0) (0,0) (3.66612e+24,0) (0,0) (7.44385e+31,0) 
	all roots: (0.000171662,0) (-0.000171662,0) (0.000458398,0) (-3.87749e-21,-0.000537445) (-0.000458398,-2.38346e-20) (5.9083e-20,0.000537445) 
	selected roots: 0.000171662 0.000458398 

getHeight(0.00024, 0.000284, 1)
	polynome is (1.33136e+11,0) (0,0) (-4.69071e+18,0) (0,0) (3.66612e+24,0) (0,0) (7.44385e+31,0) 
	all roots: (0.000171662,0) (-0.000171662,0) (0.000458398,0) (-3.87749e-21,-0.000537445) (-0.000458398,-2.38346e-20) (5.9083e-20,0.000537445) 
	selected roots: 0.000171662 0.000458398 

getHeight(0.00024, 0.000284, 1)
	polynome is (1.33136e+11,0) (0,0) (-4.69071e+18,0) (0,0) (3.66612e+24,0) (0,0) (7.44385e+31,0) 
	all roots: (0.000171662,0) (-0.000171662,0) (0.000458398,0) (-3.87749e-21,-0.000537445) (-0.000458398,-2.38346e-20) (5.9083e-20,0.000537445) 
	selected roots: 0.000171662 0.000458398 

getHeight(0.00024, 0.000284, 1)
	polynome is (1.33136e+11,0) (0,0) (-4.69071e+18,0) (0,0) (3.66612e+24,0) (0,0) (7.44385e+31,0) 
	all roots: (0.000171662,0) (-0.000171662,0) (0.000458398,0) (-3.87749e-21,-0.000537445) (-0.000458398,-2.38346e-20) (5.9083e-20,0.000537445) 
	selected roots: 0.000171662 0.000458398 

getHeight(0.00024, 0.000284, 1)
	polynome is (1.33136e+11,0) (0,0) (-4.69071e+18,0) (0,0) (3.66612e+24,0) (0,0) (7.44385e+31,0) 
	all roots: (0.000171662,0) (-0.000171662,0) (0.000458398,0) (-3.87749e-21,-0.000537445) (-0.000458398,-2.38346e-20) (5.9083e-20,0.000537445) 
	selected roots: 0.000171662 0.000458398 

getHeight(0.00024, 0.000284, 1)
	polynome is (1.33136e+11,0) (0,0) (-4.69071e+18,0) (0,0) (3.66612e+24,0) (0,0) (7.44385e+31,0) 
	all roots: (0.000171662,0) (-0.000171662,0) (0.000458398,0) (-3.87749e-21,-0.000537445) (-0.000458398,-2.38346e-20) (5.9083e-20,0.000537445) 
	selected roots: 0.000171662 0.000458398 

getHeight(0.00024, 0.000284, 1)
	polynome is (1.33136e+11,0) (0,0) (-4.69071e+18,0) (0,0) (3.66612e+24,0) (0,0) (7.44385e+31,0) 
	all roots: (0.000171662,0) (-0.000171662,0) (0.000458398,0) (-3.87749e-21,-0.000537445) (-0.000458398,-2.38346e-20) (5.9083e-20,0.000537445) 
	selected roots: 0.000171662 0.000458398 

getHeight(0.00024, 0.000284, 1)
	polynome is (1.33136e+11,0) (0,0) (-4.69071e+18,0) (0,0) (3.66612e+24,0) (0,0) (7.44385e+31,0) 
	all roots: (0.000171662,0) (-0.000171662,0) (0.000458398,0) (-3.87749e-21,-0.000537445) (-0.000458398,-2.38346e-20) (5.9083e-20,0.000537445) 
	selected roots: 0.000171662 0.000458398 

getHeight(0.00024, 0.000284, 1)
	polynome is (1.33136e+11,0) (0,0) (-4.69071e+18,0) (0,0) (3.66612e+24,0) (0,0) (7.44385e+31,0) 
	all roots: (0.000171662,0) (-0.000171662,0) (0.000458398,0) (-3.87749e-21,-0.000537445) (-0.000458398,-2.38346e-20) (5.9083e-20,0.000537445) 
	selected roots: 0.000171662 0.000458398 

getHeight(0.00024, 0.000284, 1)
	polynome is (1.33136e+11,0) (0,0) (-4.69071e+18,0) (0,0) (3.66612e+24,0) (0,0) (7.44385e+31,0) 
	all roots: (0.000171662,0) (-0.000171662,0) (0.000458398,0) (-3.87749e-21,-0.000537445) (-0.000458398,-2.38346e-20) (5.9083e-20,0.000537445) 
	selected roots: 0.000171662 0.000458398 

getHeight(0.00024, 0.000284, 1)
	polynome is (1.33136e+11,0) (0,0) (-4.69071e+18,0) (0,0) (3.66612e+24,0) (0,0) (7.44385e+31,0) 
	all roots: (0.000171662,0) (-0.000171662,0) (0.000458398,0) (-3.87749e-21,-0.000537445) (-0.000458398,-2.38346e-20) (5.9083e-20,0.000537445) 
	selected roots: 0.000171662 0.000458398 

getHeight(0.00024, 0.000284, 1)
	polynome is (1.33136e+11,0) (0,0) (-4.69071e+18,0) (0,0) (3.66612e+24,0) (0,0) (7.44385e+31,0) 
	all roots: (0.000171662,0) (-0.000171662,0) (0.000458398,0) (-3.87749e-21,-0.000537445) (-0.000458398,-2.38346e-20) (5.9083e-20,0.000537445) 
	selected roots: 0.000171662 0.000458398 

getHeight(0.00024, 0.000284, 1)
	polynome is (1.33136e+11,0) (0,0) (-4.69071e+18,0) (0,0) (3.66612e+24,0) (0,0) (7.44385e+31,0) 
	all roots: (0.000171662,0) (-0.000171662,0) (0.000458398,0) (-3.87749e-21,-0.000537445) (-0.000458398,-2.38346e-20) (5.9083e-20,0.000537445) 
	selected roots: 0.000171662 0.000458398 

getHeight(0.00024, 0.000284, 1)
	polynome is (1.33136e+11,0) (0,0) (-4.69071e+18,0) (0,0) (3.66612e+24,0) (0,0) (7.44385e+31,0) 
	all roots: (0.000171662,0) (-0.000171662,0) (0.000458398,0) (-3.87749e-21,-0.000537445) (-0.000458398,-2.38346e-20) (5.9083e-20,0.000537445) 
	selected roots: 0.000171662 0.000458398 

getHeight(0.00024, 0.000284, 1)
	polynome is (1.33136e+11,0) (0,0) (-4.69071e+18,0) (0,0) (3.66612e+24,0) (0,0) (7.44385e+31,0) 
	all roots: (0.000171662,0) (-0.000171662,0) (0.000458398,0) (-3.87749e-21,-0.000537445) (-0.000458398,-2.38346e-20) (5.9083e-20,0.000537445) 
	selected roots: 0.000171662 0.000458398 

getHeight(0.00024, 0.000284, 1)
	polynome is (1.33136e+11,0) (0,0) (-4.69071e+18,0) (0,0) (3.66612e+24,0) (0,0) (7.44385e+31,0) 
	all roots: (0.000171662,0) (-0.000171662,0) (0.000458398,0) (-3.87749e-21,-0.000537445) (-0.000458398,-2.38346e-20) (5.9083e-20,0.000537445) 
	selected roots: 0.000171662 0.000458398 

getHeight(0.00024, 0.000284, 1)
	polynome is (1.33136e+11,0) (0,0) (-4.69071e+18,0) (0,0) (3.66612e+24,0) (0,0) (7.44385e+31,0) 
	all roots: (0.000171662,0) (-0.000171662,0) (0.000458398,0) (-3.87749e-21,-0.000537445) (-0.000458398,-2.38346e-20) (5.9083e-20,0.000537445) 
	selected roots: 0.000171662 0.000458398 

getHeight(0.00024, 0.000284, 1)
	polynome is (1.33136e+11,0) (0,0) (-4.69071e+18,0) (0,0) (3.66612e+24,0) (0,0) (7.44385e+31,0) 
	all roots: (0.000171662,0) (-0.000171662,0) (0.000458398,0) (-3.87749e-21,-0.000537445) (-0.000458398,-2.38346e-20) (5.9083e-20,0.000537445) 
	selected roots: 0.000171662 0.000458398 

getHeight(0.00024, 0.000284, 1)
	polynome is (1.33136e+11,0) (0,0) (-4.69071e+18,0) (0,0) (3.66612e+24,0) (0,0) (7.44385e+31,0) 
	all roots: (0.000171662,0) (-0.000171662,0) (0.000458398,0) (-3.87749e-21,-0.000537445) (-0.000458398,-2.38346e-20) (5.9083e-20,0.000537445) 
	selected roots: 0.000171662 0.000458398 

getHeight(0.00024, 0.000284, 1)
	polynome is (1.33136e+11,0) (0,0) (-4.69071e+18,0) (0,0) (3.66612e+24,0) (0,0) (7.44385e+31,0) 
	all roots: (0.000171662,0) (-0.000171662,0) (0.000458398,0) (-3.87749e-21,-0.000537445) (-0.000458398,-2.38346e-20) (5.9083e-20,0.000537445) 
	selected roots: 0.000171662 0.000458398 

getHeight(0.00024, 0.000284, 1)
	polynome is (1.33136e+11,0) (0,0) (-4.69071e+18,0) (0,0) (3.66612e+24,0) (0,0) (7.44385e+31,0) 
	all roots: (0.000171662,0) (-0.000171662,0) (0.000458398,0) (-3.87749e-21,-0.000537445) (-0.000458398,-2.38346e-20) (5.9083e-20,0.000537445) 
	selected roots: 0.000171662 0.000458398 

getHeight(0.00024, 0.000284, 1)
	polynome is (1.33136e+11,0) (0,0) (-4.69071e+18,0) (0,0) (3.66612e+24,0) (0,0) (7.44385e+31,0) 
	all roots: (0.000171662,0) (-0.000171662,0) (0.000458398,0) (-3.87749e-21,-0.000537445) (-0.000458398,-2.38346e-20) (5.9083e-20,0.000537445) 
	selected roots: 0.000171662 0.000458398 

getHeight(0.00024, 0.000284, 1)
	polynome is (1.33136e+11,0) (0,0) (-4.69071e+18,0) (0,0) (3.66612e+24,0) (0,0) (7.44385e+31,0) 
	all roots: (0.000171662,0) (-0.000171662,0) (0.000458398,0) (-3.87749e-21,-0.000537445) (-0.000458398,-2.38346e-20) (5.9083e-20,0.000537445) 
	selected roots: 0.000171662 0.000458398 

getHeight(0.00024, 0.000284, 1)
	polynome is (1.33136e+11,0) (0,0) (-4.69071e+18,0) (0,0) (3.66612e+24,0) (0,0) (7.44385e+31,0) 
	all roots: (0.000171662,0) (-0.000171662,0) (0.000458398,0) (-3.87749e-21,-0.000537445) (-0.000458398,-2.38346e-20) (5.9083e-20,0.000537445) 
	selected roots: 0.000171662 0.000458398 

getHeight(0.00024, 0.000284, 1)
	polynome is (1.33136e+11,0) (0,0) (-4.69071e+18,0) (0,0) (3.66612e+24,0) (0,0) (7.44385e+31,0) 
	all roots: (0.000171662,0) (-0.000171662,0) (0.000458398,0) (-3.87749e-21,-0.000537445) (-0.000458398,-2.38346e-20) (5.9083e-20,0.000537445) 
	selected roots: 0.000171662 0.000458398 

getHeight(0.00024, 0.000284, 1)
	polynome is (1.33136e+11,0) (0,0) (-4.69071e+18,0) (0,0) (3.66612e+24,0) (0,0) (7.44385e+31,0) 
	all roots: (0.000171662,0) (-0.000171662,0) (0.000458398,0) (-3.87749e-21,-0.000537445) (-0.000458398,-2.38346e-20) (5.9083e-20,0.000537445) 
	selected roots: 0.000171662 0.000458398 

getHeight(0.00024, 0.000284, 1)
	polynome is (1.33136e+11,0) (0,0) (-4.69071e+18,0) (0,0) (3.66612e+24,0) (0,0) (7.44385e+31,0) 
	all roots: (0.000171662,0) (-0.000171662,0) (0.000458398,0) (-3.87749e-21,-0.000537445) (-0.000458398,-2.38346e-20) (5.9083e-20,0.000537445) 
	selected roots: 0.000171662 0.000458398 

getHeight(0.00024, 0.000284, 1)
	polynome is (1.33136e+11,0) (0,0) (-4.69071e+18,0) (0,0) (3.66612e+24,0) (0,0) (7.44385e+31,0) 
	all roots: (0.000171662,0) (-0.000171662,0) (0.000458398,0) (-3.87749e-21,-0.000537445) (-0.000458398,-2.38346e-20) (5.9083e-20,0.000537445) 
	selected roots: 0.000171662 0.000458398 

getHeight(0.00024, 0.000284, 1)
	polynome is (1.33136e+11,0) (0,0) (-4.69071e+18,0) (0,0) (3.66612e+24,0) (0,0) (7.44385e+31,0) 
	all roots: (0.000171662,0) (-0.000171662,0) (0.000458398,0) (-3.87749e-21,-0.000537445) (-0.000458398,-2.38346e-20) (5.9083e-20,0.000537445) 
	selected roots: 0.000171662 0.000458398 

getHeight(0.00024, 0.000284, 1)
	polynome is (1.33136e+11,0) (0,0) (-4.69071e+18,0) (0,0) (3.66612e+24,0) (0,0) (7.44385e+31,0) 
	all roots: (0.000171662,0) (-0.000171662,0) (0.000458398,0) (-3.87749e-21,-0.000537445) (-0.000458398,-2.38346e-20) (5.9083e-20,0.000537445) 
	selected roots: 0.000171662 0.000458398 

getHeight(0.00024, 0.000284, 1)
	polynome is (1.33136e+11,0) (0,0) (-4.69071e+18,0) (0,0) (3.66612e+24,0) (0,0) (7.44385e+31,0) 
	all roots: (0.000171662,0) (-0.000171662,0) (0.000458398,0) (-3.87749e-21,-0.000537445) (-0.000458398,-2.38346e-20) (5.9083e-20,0.000537445) 
	selected roots: 0.000171662 0.000458398 

getHeight(0.00024, 0.000284, 1)
	polynome is (1.33136e+11,0) (0,0) (-4.69071e+18,0) (0,0) (3.66612e+24,0) (0,0) (7.44385e+31,0) 
	all roots: (0.000171662,0) (-0.000171662,0) (0.000458398,0) (-3.87749e-21,-0.000537445) (-0.000458398,-2.38346e-20) (5.9083e-20,0.000537445) 
	selected roots: 0.000171662 0.000458398 

getHeight(0.00024, 0.000284, 1)
	polynome is (1.33136e+11,0) (0,0) (-4.69071e+18,0) (0,0) (3.66612e+24,0) (0,0) (7.44385e+31,0) 
	all roots: (0.000171662,0) (-0.000171662,0) (0.000458398,0) (-3.87749e-21,-0.000537445) (-0.000458398,-2.38346e-20) (5.9083e-20,0.000537445) 
	selected roots: 0.000171662 0.000458398 

getHeight(0.00024, 0.000284, 1)
	polynome is (1.33136e+11,0) (0,0) (-4.69071e+18,0) (0,0) (3.66612e+24,0) (0,0) (7.44385e+31,0) 
	all roots: (0.000171662,0) (-0.000171662,0) (0.000458398,0) (-3.87749e-21,-0.000537445) (-0.000458398,-2.38346e-20) (5.9083e-20,0.000537445) 
	selected roots: 0.000171662 0.000458398 

getHeight(0.00024, 0.000284, 1)
	polynome is (1.33136e+11,0) (0,0) (-4.69071e+18,0) (0,0) (3.66612e+24,0) (0,0) (7.44385e+31,0) 
	all roots: (0.000171662,0) (-0.000171662,0) (0.000458398,0) (-3.87749e-21,-0.000537445) (-0.000458398,-2.38346e-20) (5.9083e-20,0.000537445) 
	selected roots: 0.000171662 0.000458398 

getHeight(0.00024, 0.000284, 1)
	polynome is (1.33136e+11,0) (0,0) (-4.69071e+18,0) (0,0) (3.66612e+24,0) (0,0) (7.44385e+31,0) 
	all roots: (0.000171662,0) (-0.000171662,0) (0.000458398,0) (-3.87749e-21,-0.000537445) (-0.000458398,-2.38346e-20) (5.9083e-20,0.000537445) 
	selected roots: 0.000171662 0.000458398 

getHeight(0.00024, 0.000284, 1)
	polynome is (1.33136e+11,0) (0,0) (-4.69071e+18,0) (0,0) (3.66612e+24,0) (0,0) (7.44385e+31,0) 
	all roots: (0.000171662,0) (-0.000171662,0) (0.000458398,0) (-3.87749e-21,-0.000537445) (-0.000458398,-2.38346e-20) (5.9083e-20,0.000537445) 
	selected roots: 0.000171662 0.000458398 

getHeight(0.00024, 0.000284, 1)
	polynome is (1.33136e+11,0) (0,0) (-4.69071e+18,0) (0,0) (3.66612e+24,0) (0,0) (7.44385e+31,0) 
	all roots: (0.000171662,0) (-0.000171662,0) (0.000458398,0) (-3.87749e-21,-0.000537445) (-0.000458398,-2.38346e-20) (5.9083e-20,0.000537445) 
	selected roots: 0.000171662 0.000458398 

getHeight(0.00024, 0.000284, 1)
	polynome is (1.33136e+11,0) (0,0) (-4.69071e+18,0) (0,0) (3.66612e+24,0) (0,0) (7.44385e+31,0) 
	all roots: (0.000171662,0) (-0.000171662,0) (0.000458398,0) (-3.87749e-21,-0.000537445) (-0.000458398,-2.38346e-20) (5.9083e-20,0.000537445) 
	selected roots: 0.000171662 0.000458398 

getHeight(0.00024, 0.000284, 1)
	polynome is (1.33136e+11,0) (0,0) (-4.69071e+18,0) (0,0) (3.66612e+24,0) (0,0) (7.44385e+31,0) 
	all roots: (0.000171662,0) (-0.000171662,0) (0.000458398,0) (-3.87749e-21,-0.000537445) (-0.000458398,-2.38346e-20) (5.9083e-20,0.000537445) 
	selected roots: 0.000171662 0.000458398 

getHeight(0.00024, 0.000284, 1)
	polynome is (1.33136e+11,0) (0,0) (-4.69071e+18,0) (0,0) (3.66612e+24,0) (0,0) (7.44385e+31,0) 
	all roots: (0.000171662,0) (-0.000171662,0) (0.000458398,0) (-3.87749e-21,-0.000537445) (-0.000458398,-2.38346e-20) (5.9083e-20,0.000537445) 
	selected roots: 0.000171662 0.000458398 

getHeight(0.00024, 0.000284, 1)
	polynome is (1.33136e+11,0) (0,0) (-4.69071e+18,0) (0,0) (3.66612e+24,0) (0,0) (7.44385e+31,0) 
	all roots: (0.000171662,0) (-0.000171662,0) (0.000458398,0) (-3.87749e-21,-0.000537445) (-0.000458398,-2.38346e-20) (5.9083e-20,0.000537445) 
	selected roots: 0.000171662 0.000458398 

getHeight(0.00024, 0.000284, 1)
	polynome is (1.33136e+11,0) (0,0) (-4.69071e+18,0) (0,0) (3.66612e+24,0) (0,0) (7.44385e+31,0) 
	all roots: (0.000171662,0) (-0.000171662,0) (0.000458398,0) (-3.87749e-21,-0.000537445) (-0.000458398,-2.38346e-20) (5.9083e-20,0.000537445) 
	selected roots: 0.000171662 0.000458398 

getHeight(0.00024, 0.000284, 1)
	polynome is (1.33136e+11,0) (0,0) (-4.69071e+18,0) (0,0) (3.66612e+24,0) (0,0) (7.44385e+31,0) 
	all roots: (0.000171662,0) (-0.000171662,0) (0.000458398,0) (-3.87749e-21,-0.000537445) (-0.000458398,-2.38346e-20) (5.9083e-20,0.000537445) 
	selected roots: 0.000171662 0.000458398 

getHeight(0.00024, 0.000284, 1)
	polynome is (1.33136e+11,0) (0,0) (-4.69071e+18,0) (0,0) (3.66612e+24,0) (0,0) (7.44385e+31,0) 
	all roots: (0.000171662,0) (-0.000171662,0) (0.000458398,0) (-3.87749e-21,-0.000537445) (-0.000458398,-2.38346e-20) (5.9083e-20,0.000537445) 
	selected roots: 0.000171662 0.000458398 

getHeight(0.00024, 0.000284, 1)
	polynome is (1.33136e+11,0) (0,0) (-4.69071e+18,0) (0,0) (3.66612e+24,0) (0,0) (7.44385e+31,0) 
	all roots: (0.000171662,0) (-0.000171662,0) (0.000458398,0) (-3.87749e-21,-0.000537445) (-0.000458398,-2.38346e-20) (5.9083e-20,0.000537445) 
	selected roots: 0.000171662 0.000458398 

getHeight(0.00024, 0.000284, 1)
	polynome is (1.33136e+11,0) (0,0) (-4.69071e+18,0) (0,0) (3.66612e+24,0) (0,0) (7.44385e+31,0) 
	all roots: (0.000171662,0) (-0.000171662,0) (0.000458398,0) (-3.87749e-21,-0.000537445) (-0.000458398,-2.38346e-20) (5.9083e-20,0.000537445) 
	selected roots: 0.000171662 0.000458398 

getHeight(0.00024, 0.000284, 1)
	polynome is (1.33136e+11,0) (0,0) (-4.69071e+18,0) (0,0) (3.66612e+24,0) (0,0) (7.44385e+31,0) 
	all roots: (0.000171662,0) (-0.000171662,0) (0.000458398,0) (-3.87749e-21,-0.000537445) (-0.000458398,-2.38346e-20) (5.9083e-20,0.000537445) 
	selected roots: 0.000171662 0.000458398 

getHeight(0.00024, 0.000284, 1)
	polynome is (1.33136e+11,0) (0,0) (-4.69071e+18,0) (0,0) (3.66612e+24,0) (0,0) (7.44385e+31,0) 
	all roots: (0.000171662,0) (-0.000171662,0) (0.000458398,0) (-3.87749e-21,-0.000537445) (-0.000458398,-2.38346e-20) (5.9083e-20,0.000537445) 
	selected roots: 0.000171662 0.000458398 

getHeight(0.00024, 0.000284, 1)
	polynome is (1.33136e+11,0) (0,0) (-4.69071e+18,0) (0,0) (3.66612e+24,0) (0,0) (7.44385e+31,0) 
	all roots: (0.000171662,0) (-0.000171662,0) (0.000458398,0) (-3.87749e-21,-0.000537445) (-0.000458398,-2.38346e-20) (5.9083e-20,0.000537445) 
	selected roots: 0.000171662 0.000458398 

getHeight(0.00024, 0.000284, 1)
	polynome is (1.33136e+11,0) (0,0) (-4.69071e+18,0) (0,0) (3.66612e+24,0) (0,0) (7.44385e+31,0) 
	all roots: (0.000171662,0) (-0.000171662,0) (0.000458398,0) (-3.87749e-21,-0.000537445) (-0.000458398,-2.38346e-20) (5.9083e-20,0.000537445) 
	selected roots: 0.000171662 0.000458398 

getHeight(0.00024, 0.000284, 1)
	polynome is (1.33136e+11,0) (0,0) (-4.69071e+18,0) (0,0) (3.66612e+24,0) (0,0) (7.44385e+31,0) 
	all roots: (0.000171662,0) (-0.000171662,0) (0.000458398,0) (-3.87749e-21,-0.000537445) (-0.000458398,-2.38346e-20) (5.9083e-20,0.000537445) 
	selected roots: 0.000171662 0.000458398 

getHeight(0.00024, 0.000284, 1)
	polynome is (1.33136e+11,0) (0,0) (-4.69071e+18,0) (0,0) (3.66612e+24,0) (0,0) (7.44385e+31,0) 
	all roots: (0.000171662,0) (-0.000171662,0) (0.000458398,0) (-3.87749e-21,-0.000537445) (-0.000458398,-2.38346e-20) (5.9083e-20,0.000537445) 
	selected roots: 0.000171662 0.000458398 

getHeight(0.00024, 0.000284, 1)
	polynome is (1.33136e+11,0) (0,0) (-4.69071e+18,0) (0,0) (3.66612e+24,0) (0,0) (7.44385e+31,0) 
	all roots: (0.000171662,0) (-0.000171662,0) (0.000458398,0) (-3.87749e-21,-0.000537445) (-0.000458398,-2.38346e-20) (5.9083e-20,0.000537445) 
	selected roots: 0.000171662 0.000458398 

getHeight(0.00024, 0.000284, 1)
	polynome is (1.33136e+11,0) (0,0) (-4.69071e+18,0) (0,0) (3.66612e+24,0) (0,0) (7.44385e+31,0) 
	all roots: (0.000171662,0) (-0.000171662,0) (0.000458398,0) (-3.87749e-21,-0.000537445) (-0.000458398,-2.38346e-20) (5.9083e-20,0.000537445) 
	selected roots: 0.000171662 0.000458398 

getHeight(0.00024, 0.000284, 1)
	polynome is (1.33136e+11,0) (0,0) (-4.69071e+18,0) (0,0) (3.66612e+24,0) (0,0) (7.44385e+31,0) 
	all roots: (0.000171662,0) (-0.000171662,0) (0.000458398,0) (-3.87749e-21,-0.000537445) (-0.000458398,-2.38346e-20) (5.9083e-20,0.000537445) 
	selected roots: 0.000171662 0.000458398 

getHeight(0.00024, 0.000284, 1)
	polynome is (1.33136e+11,0) (0,0) (-4.69071e+18,0) (0,0) (3.66612e+24,0) (0,0) (7.44385e+31,0) 
	all roots: (0.000171662,0) (-0.000171662,0) (0.000458398,0) (-3.87749e-21,-0.000537445) (-0.000458398,-2.38346e-20) (5.9083e-20,0.000537445) 
	selected roots: 0.000171662 0.000458398 

getHeight(0.00024, 0.000284, 1)
	polynome is (1.33136e+11,0) (0,0) (-4.69071e+18,0) (0,0) (3.66612e+24,0) (0,0) (7.44385e+31,0) 
	all roots: (0.000171662,0) (-0.000171662,0) (0.000458398,0) (-3.87749e-21,-0.000537445) (-0.000458398,-2.38346e-20) (5.9083e-20,0.000537445) 
	selected roots: 0.000171662 0.000458398 

getHeight(0.00024, 0.000284, 1)
	polynome is (1.33136e+11,0) (0,0) (-4.69071e+18,0) (0,0) (3.66612e+24,0) (0,0) (7.44385e+31,0) 
	all roots: (0.000171662,0) (-0.000171662,0) (0.000458398,0) (-3.87749e-21,-0.000537445) (-0.000458398,-2.38346e-20) (5.9083e-20,0.000537445) 
	selected roots: 0.000171662 0.000458398 

getHeight(0.00024, 0.000284, 1)
	polynome is (1.33136e+11,0) (0,0) (-4.69071e+18,0) (0,0) (3.66612e+24,0) (0,0) (7.44385e+31,0) 
	all roots: (0.000171662,0) (-0.000171662,0) (0.000458398,0) (-3.87749e-21,-0.000537445) (-0.000458398,-2.38346e-20) (5.9083e-20,0.000537445) 
	selected roots: 0.000171662 0.000458398 

getHeight(0.00024, 0.000284, 1)
	polynome is (1.33136e+11,0) (0,0) (-4.69071e+18,0) (0,0) (3.66612e+24,0) (0,0) (7.44385e+31,0) 
	all roots: (0.000171662,0) (-0.000171662,0) (0.000458398,0) (-3.87749e-21,-0.000537445) (-0.000458398,-2.38346e-20) (5.9083e-20,0.000537445) 
	selected roots: 0.000171662 0.000458398 

getHeight(0.00024, 0.000284, 1)
	polynome is (1.33136e+11,0) (0,0) (-4.69071e+18,0) (0,0) (3.66612e+24,0) (0,0) (7.44385e+31,0) 
	all roots: (0.000171662,0) (-0.000171662,0) (0.000458398,0) (-3.87749e-21,-0.000537445) (-0.000458398,-2.38346e-20) (5.9083e-20,0.000537445) 
	selected roots: 0.000171662 0.000458398 

getHeight(0.00024, 0.000284, 1)
	polynome is (1.33136e+11,0) (0,0) (-4.69071e+18,0) (0,0) (3.66612e+24,0) (0,0) (7.44385e+31,0) 
	all roots: (0.000171662,0) (-0.000171662,0) (0.000458398,0) (-3.87749e-21,-0.000537445) (-0.000458398,-2.38346e-20) (5.9083e-20,0.000537445) 
	selected roots: 0.000171662 0.000458398 

getHeight(0.00024, 0.000284, 1)
	polynome is (1.33136e+11,0) (0,0) (-4.69071e+18,0) (0,0) (3.66612e+24,0) (0,0) (7.44385e+31,0) 
	all roots: (0.000171662,0) (-0.000171662,0) (0.000458398,0) (-3.87749e-21,-0.000537445) (-0.000458398,-2.38346e-20) (5.9083e-20,0.000537445) 
	selected roots: 0.000171662 0.000458398 

getHeight(0.00024, 0.000284, 1)
	polynome is (1.33136e+11,0) (0,0) (-4.69071e+18,0) (0,0) (3.66612e+24,0) (0,0) (7.44385e+31,0) 
	all roots: (0.000171662,0) (-0.000171662,0) (0.000458398,0) (-3.87749e-21,-0.000537445) (-0.000458398,-2.38346e-20) (5.9083e-20,0.000537445) 
	selected roots: 0.000171662 0.000458398 

getHeight(0.00024, 0.000284, 1)
	polynome is (1.33136e+11,0) (0,0) (-4.69071e+18,0) (0,0) (3.66612e+24,0) (0,0) (7.44385e+31,0) 
	all roots: (0.000171662,0) (-0.000171662,0) (0.000458398,0) (-3.87749e-21,-0.000537445) (-0.000458398,-2.38346e-20) (5.9083e-20,0.000537445) 
	selected roots: 0.000171662 0.000458398 

getHeight(0.00024, 0.000284, 1)
	polynome is (1.33136e+11,0) (0,0) (-4.69071e+18,0) (0,0) (3.66612e+24,0) (0,0) (7.44385e+31,0) 
	all roots: (0.000171662,0) (-0.000171662,0) (0.000458398,0) (-3.87749e-21,-0.000537445) (-0.000458398,-2.38346e-20) (5.9083e-20,0.000537445) 
	selected roots: 0.000171662 0.000458398 

getHeight(0.00024, 0.000284, 1)
	polynome is (1.33136e+11,0) (0,0) (-4.69071e+18,0) (0,0) (3.66612e+24,0) (0,0) (7.44385e+31,0) 
	all roots: (0.000171662,0) (-0.000171662,0) (0.000458398,0) (-3.87749e-21,-0.000537445) (-0.000458398,-2.38346e-20) (5.9083e-20,0.000537445) 
	selected roots: 0.000171662 0.000458398 

getHeight(0.00024, 0.000284, 1)
	polynome is (1.33136e+11,0) (0,0) (-4.69071e+18,0) (0,0) (3.66612e+24,0) (0,0) (7.44385e+31,0) 
	all roots: (0.000171662,0) (-0.000171662,0) (0.000458398,0) (-3.87749e-21,-0.000537445) (-0.000458398,-2.38346e-20) (5.9083e-20,0.000537445) 
	selected roots: 0.000171662 0.000458398 

getHeight(0.00024, 0.000284, 1)
	polynome is (1.33136e+11,0) (0,0) (-4.69071e+18,0) (0,0) (3.66612e+24,0) (0,0) (7.44385e+31,0) 
	all roots: (0.000171662,0) (-0.000171662,0) (0.000458398,0) (-3.87749e-21,-0.000537445) (-0.000458398,-2.38346e-20) (5.9083e-20,0.000537445) 
	selected roots: 0.000171662 0.000458398 

getHeight(0.00024, 0.000284, 1)
	polynome is (1.33136e+11,0) (0,0) (-4.69071e+18,0) (0,0) (3.66612e+24,0) (0,0) (7.44385e+31,0) 
	all roots: (0.000171662,0) (-0.000171662,0) (0.000458398,0) (-3.87749e-21,-0.000537445) (-0.000458398,-2.38346e-20) (5.9083e-20,0.000537445) 
	selected roots: 0.000171662 0.000458398 

getHeight(0.00024, 0.000284, 1)
	polynome is (1.33136e+11,0) (0,0) (-4.69071e+18,0) (0,0) (3.66612e+24,0) (0,0) (7.44385e+31,0) 
	all roots: (0.000171662,0) (-0.000171662,0) (0.000458398,0) (-3.87749e-21,-0.000537445) (-0.000458398,-2.38346e-20) (5.9083e-20,0.000537445) 
	selected roots: 0.000171662 0.000458398 

getHeight(0.00024, 0.000284, 1)
	polynome is (1.33136e+11,0) (0,0) (-4.69071e+18,0) (0,0) (3.66612e+24,0) (0,0) (7.44385e+31,0) 
	all roots: (0.000171662,0) (-0.000171662,0) (0.000458398,0) (-3.87749e-21,-0.000537445) (-0.000458398,-2.38346e-20) (5.9083e-20,0.000537445) 
	selected roots: 0.000171662 0.000458398 

getHeight(0.00024, 0.000284, 1)
	polynome is (1.33136e+11,0) (0,0) (-4.69071e+18,0) (0,0) (3.66612e+24,0) (0,0) (7.44385e+31,0) 
	all roots: (0.000171662,0) (-0.000171662,0) (0.000458398,0) (-3.87749e-21,-0.000537445) (-0.000458398,-2.38346e-20) (5.9083e-20,0.000537445) 
	selected roots: 0.000171662 0.000458398 

getHeight(0.00024, 0.000284, 1)
	polynome is (1.33136e+11,0) (0,0) (-4.69071e+18,0) (0,0) (3.66612e+24,0) (0,0) (7.44385e+31,0) 
	all roots: (0.000171662,0) (-0.000171662,0) (0.000458398,0) (-3.87749e-21,-0.000537445) (-0.000458398,-2.38346e-20) (5.9083e-20,0.000537445) 
	selected roots: 0.000171662 0.000458398 

getHeight(0.00024, 0.000284, 1)
	polynome is (1.33136e+11,0) (0,0) (-4.69071e+18,0) (0,0) (3.66612e+24,0) (0,0) (7.44385e+31,0) 
	all roots: (0.000171662,0) (-0.000171662,0) (0.000458398,0) (-3.87749e-21,-0.000537445) (-0.000458398,-2.38346e-20) (5.9083e-20,0.000537445) 
	selected roots: 0.000171662 0.000458398 

getHeight(0.00024, 0.000284, 1)
	polynome is (1.33136e+11,0) (0,0) (-4.69071e+18,0) (0,0) (3.66612e+24,0) (0,0) (7.44385e+31,0) 
	all roots: (0.000171662,0) (-0.000171662,0) (0.000458398,0) (-3.87749e-21,-0.000537445) (-0.000458398,-2.38346e-20) (5.9083e-20,0.000537445) 
	selected roots: 0.000171662 0.000458398 

getHeight(0.00024, 0.000284, 1)
	polynome is (1.33136e+11,0) (0,0) (-4.69071e+18,0) (0,0) (3.66612e+24,0) (0,0) (7.44385e+31,0) 
	all roots: (0.000171662,0) (-0.000171662,0) (0.000458398,0) (-3.87749e-21,-0.000537445) (-0.000458398,-2.38346e-20) (5.9083e-20,0.000537445) 
	selected roots: 0.000171662 0.000458398 

getHeight(0.00024, 0.000284, 1)
	polynome is (1.33136e+11,0) (0,0) (-4.69071e+18,0) (0,0) (3.66612e+24,0) (0,0) (7.44385e+31,0) 
	all roots: (0.000171662,0) (-0.000171662,0) (0.000458398,0) (-3.87749e-21,-0.000537445) (-0.000458398,-2.38346e-20) (5.9083e-20,0.000537445) 
	selected roots: 0.000171662 0.000458398 

getHeight(0.00024, 0.000284, 1)
	polynome is (1.33136e+11,0) (0,0) (-4.69071e+18,0) (0,0) (3.66612e+24,0) (0,0) (7.44385e+31,0) 
	all roots: (0.000171662,0) (-0.000171662,0) (0.000458398,0) (-3.87749e-21,-0.000537445) (-0.000458398,-2.38346e-20) (5.9083e-20,0.000537445) 
	selected roots: 0.000171662 0.000458398 

getHeight(0.00024, 0.000284, 1)
	polynome is (1.33136e+11,0) (0,0) (-4.69071e+18,0) (0,0) (3.66612e+24,0) (0,0) (7.44385e+31,0) 
	all roots: (0.000171662,0) (-0.000171662,0) (0.000458398,0) (-3.87749e-21,-0.000537445) (-0.000458398,-2.38346e-20) (5.9083e-20,0.000537445) 
	selected roots: 0.000171662 0.000458398 

getHeight(0.00024, 0.000284, 1)
	polynome is (1.33136e+11,0) (0,0) (-4.69071e+18,0) (0,0) (3.66612e+24,0) (0,0) (7.44385e+31,0) 
	all roots: (0.000171662,0) (-0.000171662,0) (0.000458398,0) (-3.87749e-21,-0.000537445) (-0.000458398,-2.38346e-20) (5.9083e-20,0.000537445) 
	selected roots: 0.000171662 0.000458398 

getHeight(0.00024, 0.000284, 1)
	polynome is (1.33136e+11,0) (0,0) (-4.69071e+18,0) (0,0) (3.66612e+24,0) (0,0) (7.44385e+31,0) 
	all roots: (0.000171662,0) (-0.000171662,0) (0.000458398,0) (-3.87749e-21,-0.000537445) (-0.000458398,-2.38346e-20) (5.9083e-20,0.000537445) 
	selected roots: 0.000171662 0.000458398 

getHeight(0.00024, 0.000284, 1)
	polynome is (1.33136e+11,0) (0,0) (-4.69071e+18,0) (0,0) (3.66612e+24,0) (0,0) (7.44385e+31,0) 
	all roots: (0.000171662,0) (-0.000171662,0) (0.000458398,0) (-3.87749e-21,-0.000537445) (-0.000458398,-2.38346e-20) (5.9083e-20,0.000537445) 
	selected roots: 0.000171662 0.000458398 

getHeight(0.00024, 0.000284, 1)
	polynome is (1.33136e+11,0) (0,0) (-4.69071e+18,0) (0,0) (3.66612e+24,0) (0,0) (7.44385e+31,0) 
	all roots: (0.000171662,0) (-0.000171662,0) (0.000458398,0) (-3.87749e-21,-0.000537445) (-0.000458398,-2.38346e-20) (5.9083e-20,0.000537445) 
	selected roots: 0.000171662 0.000458398 

getHeight(0.00024, 0.000284, 1)
	polynome is (1.33136e+11,0) (0,0) (-4.69071e+18,0) (0,0) (3.66612e+24,0) (0,0) (7.44385e+31,0) 
	all roots: (0.000171662,0) (-0.000171662,0) (0.000458398,0) (-3.87749e-21,-0.000537445) (-0.000458398,-2.38346e-20) (5.9083e-20,0.000537445) 
	selected roots: 0.000171662 0.000458398 

getHeight(0.00024, 0.000284, 1)
	polynome is (1.33136e+11,0) (0,0) (-4.69071e+18,0) (0,0) (3.66612e+24,0) (0,0) (7.44385e+31,0) 
	all roots: (0.000171662,0) (-0.000171662,0) (0.000458398,0) (-3.87749e-21,-0.000537445) (-0.000458398,-2.38346e-20) (5.9083e-20,0.000537445) 
	selected roots: 0.000171662 0.000458398 

getHeight(0.00024, 0.000284, 1)
	polynome is (1.33136e+11,0) (0,0) (-4.69071e+18,0) (0,0) (3.66612e+24,0) (0,0) (7.44385e+31,0) 
	all roots: (0.000171662,0) (-0.000171662,0) (0.000458398,0) (-3.87749e-21,-0.000537445) (-0.000458398,-2.38346e-20) (5.9083e-20,0.000537445) 
	selected roots: 0.000171662 0.000458398 

getHeight(0.00024, 0.000284, 1)
	polynome is (1.33136e+11,0) (0,0) (-4.69071e+18,0) (0,0) (3.66612e+24,0) (0,0) (7.44385e+31,0) 
	all roots: (0.000171662,0) (-0.000171662,0) (0.000458398,0) (-3.87749e-21,-0.000537445) (-0.000458398,-2.38346e-20) (5.9083e-20,0.000537445) 
	selected roots: 0.000171662 0.000458398 

getHeight(0.00024, 0.000284, 1)
	polynome is (1.33136e+11,0) (0,0) (-4.69071e+18,0) (0,0) (3.66612e+24,0) (0,0) (7.44385e+31,0) 
	all roots: (0.000171662,0) (-0.000171662,0) (0.000458398,0) (-3.87749e-21,-0.000537445) (-0.000458398,-2.38346e-20) (5.9083e-20,0.000537445) 
	selected roots: 0.000171662 0.000458398 

getHeight(0.00024, 0.000284, 1)
	polynome is (1.33136e+11,0) (0,0) (-4.69071e+18,0) (0,0) (3.66612e+24,0) (0,0) (7.44385e+31,0) 
	all roots: (0.000171662,0) (-0.000171662,0) (0.000458398,0) (-3.87749e-21,-0.000537445) (-0.000458398,-2.38346e-20) (5.9083e-20,0.000537445) 
	selected roots: 0.000171662 0.000458398 

getHeight(0.00024, 0.000284, 1)
	polynome is (1.33136e+11,0) (0,0) (-4.69071e+18,0) (0,0) (3.66612e+24,0) (0,0) (7.44385e+31,0) 
	all roots: (0.000171662,0) (-0.000171662,0) (0.000458398,0) (-3.87749e-21,-0.000537445) (-0.000458398,-2.38346e-20) (5.9083e-20,0.000537445) 
	selected roots: 0.000171662 0.000458398 

getHeight(0.00024, 0.000284, 1)
	polynome is (1.33136e+11,0) (0,0) (-4.69071e+18,0) (0,0) (3.66612e+24,0) (0,0) (7.44385e+31,0) 
	all roots: (0.000171662,0) (-0.000171662,0) (0.000458398,0) (-3.87749e-21,-0.000537445) (-0.000458398,-2.38346e-20) (5.9083e-20,0.000537445) 
	selected roots: 0.000171662 0.000458398 

getHeight(0.00024, 0.000284, 1)
	polynome is (1.33136e+11,0) (0,0) (-4.69071e+18,0) (0,0) (3.66612e+24,0) (0,0) (7.44385e+31,0) 
	all roots: (0.000171662,0) (-0.000171662,0) (0.000458398,0) (-3.87749e-21,-0.000537445) (-0.000458398,-2.38346e-20) (5.9083e-20,0.000537445) 
	selected roots: 0.000171662 0.000458398 

getHeight(0.00024, 0.000284, 1)
	polynome is (1.33136e+11,0) (0,0) (-4.69071e+18,0) (0,0) (3.66612e+24,0) (0,0) (7.44385e+31,0) 
	all roots: (0.000171662,0) (-0.000171662,0) (0.000458398,0) (-3.87749e-21,-0.000537445) (-0.000458398,-2.38346e-20) (5.9083e-20,0.000537445) 
	selected roots: 0.000171662 0.000458398 

getHeight(0.00024, 0.000284, 1)
	polynome is (1.33136e+11,0) (0,0) (-4.69071e+18,0) (0,0) (3.66612e+24,0) (0,0) (7.44385e+31,0) 
	all roots: (0.000171662,0) (-0.000171662,0) (0.000458398,0) (-3.87749e-21,-0.000537445) (-0.000458398,-2.38346e-20) (5.9083e-20,0.000537445) 
	selected roots: 0.000171662 0.000458398 

getHeight(0.00024, 0.000284, 1)
	polynome is (1.33136e+11,0) (0,0) (-4.69071e+18,0) (0,0) (3.66612e+24,0) (0,0) (7.44385e+31,0) 
	all roots: (0.000171662,0) (-0.000171662,0) (0.000458398,0) (-3.87749e-21,-0.000537445) (-0.000458398,-2.38346e-20) (5.9083e-20,0.000537445) 
	selected roots: 0.000171662 0.000458398 

getHeight(0.00024, 0.000284, 1)
	polynome is (1.33136e+11,0) (0,0) (-4.69071e+18,0) (0,0) (3.66612e+24,0) (0,0) (7.44385e+31,0) 
	all roots: (0.000171662,0) (-0.000171662,0) (0.000458398,0) (-3.87749e-21,-0.000537445) (-0.000458398,-2.38346e-20) (5.9083e-20,0.000537445) 
	selected roots: 0.000171662 0.000458398 

getHeight(0.00024, 0.000284, 1)
	polynome is (1.33136e+11,0) (0,0) (-4.69071e+18,0) (0,0) (3.66612e+24,0) (0,0) (7.44385e+31,0) 
	all roots: (0.000171662,0) (-0.000171662,0) (0.000458398,0) (-3.87749e-21,-0.000537445) (-0.000458398,-2.38346e-20) (5.9083e-20,0.000537445) 
	selected roots: 0.000171662 0.000458398 

getHeight(0.00024, 0.000284, 1)
	polynome is (1.33136e+11,0) (0,0) (-4.69071e+18,0) (0,0) (3.66612e+24,0) (0,0) (7.44385e+31,0) 
	all roots: (0.000171662,0) (-0.000171662,0) (0.000458398,0) (-3.87749e-21,-0.000537445) (-0.000458398,-2.38346e-20) (5.9083e-20,0.000537445) 
	selected roots: 0.000171662 0.000458398 

getHeight(0.00024, 0.000284, 1)
	polynome is (1.33136e+11,0) (0,0) (-4.69071e+18,0) (0,0) (3.66612e+24,0) (0,0) (7.44385e+31,0) 
	all roots: (0.000171662,0) (-0.000171662,0) (0.000458398,0) (-3.87749e-21,-0.000537445) (-0.000458398,-2.38346e-20) (5.9083e-20,0.000537445) 
	selected roots: 0.000171662 0.000458398 

getHeight(0.00024, 0.000284, 1)
	polynome is (1.33136e+11,0) (0,0) (-4.69071e+18,0) (0,0) (3.66612e+24,0) (0,0) (7.44385e+31,0) 
	all roots: (0.000171662,0) (-0.000171662,0) (0.000458398,0) (-3.87749e-21,-0.000537445) (-0.000458398,-2.38346e-20) (5.9083e-20,0.000537445) 
	selected roots: 0.000171662 0.000458398 

getHeight(0.00024, 0.000284, 1)
	polynome is (1.33136e+11,0) (0,0) (-4.69071e+18,0) (0,0) (3.66612e+24,0) (0,0) (7.44385e+31,0) 
	all roots: (0.000171662,0) (-0.000171662,0) (0.000458398,0) (-3.87749e-21,-0.000537445) (-0.000458398,-2.38346e-20) (5.9083e-20,0.000537445) 
	selected roots: 0.000171662 0.000458398 

getHeight(0.00024, 0.000284, 1)
	polynome is (1.33136e+11,0) (0,0) (-4.69071e+18,0) (0,0) (3.66612e+24,0) (0,0) (7.44385e+31,0) 
	all roots: (0.000171662,0) (-0.000171662,0) (0.000458398,0) (-3.87749e-21,-0.000537445) (-0.000458398,-2.38346e-20) (5.9083e-20,0.000537445) 
	selected roots: 0.000171662 0.000458398 

getHeight(0.00024, 0.000284, 1)
	polynome is (1.33136e+11,0) (0,0) (-4.69071e+18,0) (0,0) (3.66612e+24,0) (0,0) (7.44385e+31,0) 
	all roots: (0.000171662,0) (-0.000171662,0) (0.000458398,0) (-3.87749e-21,-0.000537445) (-0.000458398,-2.38346e-20) (5.9083e-20,0.000537445) 
	selected roots: 0.000171662 0.000458398 

getHeight(0.00024, 0.000284, 1)
	polynome is (1.33136e+11,0) (0,0) (-4.69071e+18,0) (0,0) (3.66612e+24,0) (0,0) (7.44385e+31,0) 
	all roots: (0.000171662,0) (-0.000171662,0) (0.000458398,0) (-3.87749e-21,-0.000537445) (-0.000458398,-2.38346e-20) (5.9083e-20,0.000537445) 
	selected roots: 0.000171662 0.000458398 

getHeight(0.00024, 0.000284, 1)
	polynome is (1.33136e+11,0) (0,0) (-4.69071e+18,0) (0,0) (3.66612e+24,0) (0,0) (7.44385e+31,0) 
	all roots: (0.000171662,0) (-0.000171662,0) (0.000458398,0) (-3.87749e-21,-0.000537445) (-0.000458398,-2.38346e-20) (5.9083e-20,0.000537445) 
	selected roots: 0.000171662 0.000458398 

getHeight(0.00024, 0.000284, 1)
	polynome is (1.33136e+11,0) (0,0) (-4.69071e+18,0) (0,0) (3.66612e+24,0) (0,0) (7.44385e+31,0) 
	all roots: (0.000171662,0) (-0.000171662,0) (0.000458398,0) (-3.87749e-21,-0.000537445) (-0.000458398,-2.38346e-20) (5.9083e-20,0.000537445) 
	selected roots: 0.000171662 0.000458398 

getHeight(0.00024, 0.000284, 1)
	polynome is (1.33136e+11,0) (0,0) (-4.69071e+18,0) (0,0) (3.66612e+24,0) (0,0) (7.44385e+31,0) 
	all roots: (0.000171662,0) (-0.000171662,0) (0.000458398,0) (-3.87749e-21,-0.000537445) (-0.000458398,-2.38346e-20) (5.9083e-20,0.000537445) 
	selected roots: 0.000171662 0.000458398 

getHeight(0.00024, 0.000284, 1)
	polynome is (1.33136e+11,0) (0,0) (-4.69071e+18,0) (0,0) (3.66612e+24,0) (0,0) (7.44385e+31,0) 
	all roots: (0.000171662,0) (-0.000171662,0) (0.000458398,0) (-3.87749e-21,-0.000537445) (-0.000458398,-2.38346e-20) (5.9083e-20,0.000537445) 
	selected roots: 0.000171662 0.000458398 

getHeight(0.00024, 0.000284, 1)
	polynome is (1.33136e+11,0) (0,0) (-4.69071e+18,0) (0,0) (3.66612e+24,0) (0,0) (7.44385e+31,0) 
	all roots: (0.000171662,0) (-0.000171662,0) (0.000458398,0) (-3.87749e-21,-0.000537445) (-0.000458398,-2.38346e-20) (5.9083e-20,0.000537445) 
	selected roots: 0.000171662 0.000458398 

getHeight(0.00024, 0.000284, 1)
	polynome is (1.33136e+11,0) (0,0) (-4.69071e+18,0) (0,0) (3.66612e+24,0) (0,0) (7.44385e+31,0) 
	all roots: (0.000171662,0) (-0.000171662,0) (0.000458398,0) (-3.87749e-21,-0.000537445) (-0.000458398,-2.38346e-20) (5.9083e-20,0.000537445) 
	selected roots: 0.000171662 0.000458398 

getHeight(0.00024, 0.000284, 1)
	polynome is (1.33136e+11,0) (0,0) (-4.69071e+18,0) (0,0) (3.66612e+24,0) (0,0) (7.44385e+31,0) 
	all roots: (0.000171662,0) (-0.000171662,0) (0.000458398,0) (-3.87749e-21,-0.000537445) (-0.000458398,-2.38346e-20) (5.9083e-20,0.000537445) 
	selected roots: 0.000171662 0.000458398 

getHeight(0.00024, 0.000284, 1)
	polynome is (1.33136e+11,0) (0,0) (-4.69071e+18,0) (0,0) (3.66612e+24,0) (0,0) (7.44385e+31,0) 
	all roots: (0.000171662,0) (-0.000171662,0) (0.000458398,0) (-3.87749e-21,-0.000537445) (-0.000458398,-2.38346e-20) (5.9083e-20,0.000537445) 
	selected roots: 0.000171662 0.000458398 

getHeight(0.00024, 0.000284, 1)
	polynome is (1.33136e+11,0) (0,0) (-4.69071e+18,0) (0,0) (3.66612e+24,0) (0,0) (7.44385e+31,0) 
	all roots: (0.000171662,0) (-0.000171662,0) (0.000458398,0) (-3.87749e-21,-0.000537445) (-0.000458398,-2.38346e-20) (5.9083e-20,0.000537445) 
	selected roots: 0.000171662 0.000458398 

getHeight(0.00024, 0.000284, 1)
	polynome is (1.33136e+11,0) (0,0) (-4.69071e+18,0) (0,0) (3.66612e+24,0) (0,0) (7.44385e+31,0) 
	all roots: (0.000171662,0) (-0.000171662,0) (0.000458398,0) (-3.87749e-21,-0.000537445) (-0.000458398,-2.38346e-20) (5.9083e-20,0.000537445) 
	selected roots: 0.000171662 0.000458398 

getHeight(0.00024, 0.000284, 1)
	polynome is (1.33136e+11,0) (0,0) (-4.69071e+18,0) (0,0) (3.66612e+24,0) (0,0) (7.44385e+31,0) 
	all roots: (0.000171662,0) (-0.000171662,0) (0.000458398,0) (-3.87749e-21,-0.000537445) (-0.000458398,-2.38346e-20) (5.9083e-20,0.000537445) 
	selected roots: 0.000171662 0.000458398 

